mode: atomic
example.com/acme/parcel/cmd/gateway/main.go:41.13,45.36 3 0
example.com/acme/parcel/cmd/gateway/main.go:45.36,48.3 2 0
example.com/acme/parcel/cmd/gateway/main.go:51.37,53.16 2 0
example.com/acme/parcel/cmd/gateway/main.go:53.16,55.3 1 0
example.com/acme/parcel/cmd/gateway/main.go:57.2,61.16 4 0
example.com/acme/parcel/cmd/gateway/main.go:61.16,63.3 1 0
example.com/acme/parcel/cmd/gateway/main.go:64.2,71.16 6 0
example.com/acme/parcel/cmd/gateway/main.go:71.16,73.3 1 0
example.com/acme/parcel/cmd/gateway/main.go:75.2,109.12 6 0
example.com/acme/parcel/cmd/gateway/main.go:109.12,116.3 4 0
example.com/acme/parcel/cmd/gateway/main.go:118.2,120.86 2 0
example.com/acme/parcel/cmd/gateway/main.go:120.86,122.3 1 0
example.com/acme/parcel/cmd/gateway/main.go:124.2,124.12 1 0
example.com/acme/parcel/cmd/gateway/main.go:134.109,145.42 5 0
example.com/acme/parcel/cmd/gateway/main.go:145.42,153.30 3 0
example.com/acme/parcel/cmd/gateway/main.go:153.30,157.4 3 0
example.com/acme/parcel/cmd/gateway/main.go:159.3,166.77 3 0
example.com/acme/parcel/cmd/gateway/main.go:166.77,168.4 1 0
example.com/acme/parcel/cmd/gateway/main.go:171.2,171.15 1 0
example.com/acme/parcel/cmd/syncd/main.go:45.13,50.16 4 0
example.com/acme/parcel/cmd/syncd/main.go:50.16,53.3 2 0
example.com/acme/parcel/cmd/syncd/main.go:55.2,55.15 1 0
example.com/acme/parcel/cmd/syncd/main.go:55.15,57.3 1 0
example.com/acme/parcel/cmd/syncd/main.go:64.44,66.16 2 0
example.com/acme/parcel/cmd/syncd/main.go:66.16,68.3 1 0
example.com/acme/parcel/cmd/syncd/main.go:72.2,72.49 1 0
example.com/acme/parcel/cmd/syncd/main.go:72.49,74.3 1 0
example.com/acme/parcel/cmd/syncd/main.go:76.2,84.16 6 0
example.com/acme/parcel/cmd/syncd/main.go:84.16,86.3 1 0
example.com/acme/parcel/cmd/syncd/main.go:88.2,110.34 9 0
example.com/acme/parcel/cmd/syncd/main.go:110.34,112.3 1 0
example.com/acme/parcel/cmd/syncd/main.go:114.2,114.21 1 0
example.com/acme/parcel/cmd/syncd/main.go:114.21,116.3 1 0
example.com/acme/parcel/cmd/syncd/main.go:118.2,118.15 1 0
example.com/acme/parcel/cmd/syncd/main.go:45.13,50.16 4 0
example.com/acme/parcel/cmd/syncd/main.go:50.16,53.3 2 0
example.com/acme/parcel/cmd/syncd/main.go:55.2,55.15 1 0
example.com/acme/parcel/cmd/syncd/main.go:55.15,57.3 1 0
example.com/acme/parcel/cmd/syncd/main.go:64.44,66.16 2 0
example.com/acme/parcel/cmd/syncd/main.go:66.16,68.3 1 0
example.com/acme/parcel/cmd/syncd/main.go:72.2,72.49 1 0
example.com/acme/parcel/cmd/syncd/main.go:72.49,74.3 1 0
example.com/acme/parcel/cmd/syncd/main.go:76.2,84.16 6 0
example.com/acme/parcel/cmd/syncd/main.go:84.16,86.3 1 0
example.com/acme/parcel/cmd/syncd/main.go:88.2,110.34 9 0
example.com/acme/parcel/cmd/syncd/main.go:110.34,112.3 1 0
example.com/acme/parcel/cmd/syncd/main.go:114.2,114.21 1 0
example.com/acme/parcel/cmd/syncd/main.go:114.21,116.3 1 0
example.com/acme/parcel/cmd/syncd/main.go:118.2,118.15 1 0
example.com/acme/parcel/cmd/gateway/main.go:41.13,45.36 3 0
example.com/acme/parcel/cmd/gateway/main.go:45.36,48.3 2 0
example.com/acme/parcel/cmd/gateway/main.go:51.37,53.16 2 0
example.com/acme/parcel/cmd/gateway/main.go:53.16,55.3 1 0
example.com/acme/parcel/cmd/gateway/main.go:57.2,61.16 4 0
example.com/acme/parcel/cmd/gateway/main.go:61.16,63.3 1 0
example.com/acme/parcel/cmd/gateway/main.go:64.2,71.16 6 0
example.com/acme/parcel/cmd/gateway/main.go:71.16,73.3 1 0
example.com/acme/parcel/cmd/gateway/main.go:75.2,109.12 6 0
example.com/acme/parcel/cmd/gateway/main.go:109.12,116.3 4 0
example.com/acme/parcel/cmd/gateway/main.go:118.2,120.86 2 0
example.com/acme/parcel/cmd/gateway/main.go:120.86,122.3 1 0
example.com/acme/parcel/cmd/gateway/main.go:124.2,124.12 1 0
example.com/acme/parcel/cmd/gateway/main.go:134.109,145.42 5 0
example.com/acme/parcel/cmd/gateway/main.go:145.42,153.30 3 0
example.com/acme/parcel/cmd/gateway/main.go:153.30,157.4 3 0
example.com/acme/parcel/cmd/gateway/main.go:159.3,166.77 3 0
example.com/acme/parcel/cmd/gateway/main.go:166.77,168.4 1 0
example.com/acme/parcel/cmd/gateway/main.go:171.2,171.15 1 0
example.com/acme/parcel/internal/rest/service.go:72.68,76.16 3 1
example.com/acme/parcel/internal/rest/service.go:76.16,81.3 3 0
example.com/acme/parcel/internal/rest/service.go:83.2,84.16 2 1
example.com/acme/parcel/internal/rest/service.go:84.16,89.3 3 0
example.com/acme/parcel/internal/rest/service.go:91.2,96.48 2 1
example.com/acme/parcel/internal/rest/service.go:103.71,107.52 3 5
example.com/acme/parcel/internal/rest/service.go:107.52,112.3 3 1
example.com/acme/parcel/internal/rest/service.go:114.2,117.36 3 4
example.com/acme/parcel/internal/rest/service.go:117.36,120.3 2 1
example.com/acme/parcel/internal/rest/service.go:122.2,123.16 2 3
example.com/acme/parcel/internal/rest/service.go:123.16,128.3 3 1
example.com/acme/parcel/internal/rest/service.go:130.2,131.16 2 2
example.com/acme/parcel/internal/rest/service.go:131.16,136.3 3 0
example.com/acme/parcel/internal/rest/service.go:138.2,139.29 2 2
example.com/acme/parcel/internal/rest/service.go:139.29,144.3 3 0
example.com/acme/parcel/internal/rest/service.go:146.2,147.16 2 2
example.com/acme/parcel/internal/rest/service.go:147.16,152.3 3 1
example.com/acme/parcel/internal/rest/service.go:154.2,159.16 2 1
example.com/acme/parcel/internal/rest/service.go:159.16,164.3 3 0
example.com/acme/parcel/internal/rest/service.go:166.2,167.16 2 1
example.com/acme/parcel/internal/rest/service.go:167.16,172.3 3 0
example.com/acme/parcel/internal/rest/service.go:174.2,175.60 2 1
example.com/acme/parcel/internal/rest/service.go:178.78,180.16 2 1
example.com/acme/parcel/internal/rest/service.go:180.16,182.3 1 0
example.com/acme/parcel/internal/rest/service.go:184.2,184.45 1 1
example.com/acme/parcel/internal/rest/service.go:187.47,188.29 1 1
example.com/acme/parcel/internal/rest/service.go:188.29,190.3 1 0
example.com/acme/parcel/internal/rest/service.go:192.2,192.26 1 1
example.com/acme/parcel/internal/rest/service.go:195.41,197.2 1 3
example.com/acme/parcel/internal/rest/service.go:199.36,201.42 2 1
example.com/acme/parcel/internal/rest/service.go:201.42,203.3 1 0
example.com/acme/parcel/internal/rest/service.go:205.2,205.55 1 1
example.com/acme/parcel/internal/rest/store.go:7.53,8.14 1 3
example.com/acme/parcel/internal/rest/store.go:8.14,10.3 1 0
example.com/acme/parcel/internal/rest/store.go:12.2,12.23 1 3
example.com/acme/parcel/internal/rest/client.go:27.68,28.61 1 2
example.com/acme/parcel/internal/rest/client.go:28.61,29.82 1 1
example.com/acme/parcel/internal/rest/client.go:29.82,34.4 3 0
example.com/acme/parcel/internal/rest/client.go:37.2,38.37 2 2
example.com/acme/parcel/internal/rest/client.go:41.37,43.2 1 0
example.com/acme/parcel/internal/rest/handler.go:22.49,24.9 2 2
example.com/acme/parcel/internal/rest/handler.go:24.9,29.3 2 1
example.com/acme/parcel/internal/rest/handler.go:31.2,32.59 2 1
example.com/acme/parcel/internal/inventory/service.go:42.42,44.16 2 0
example.com/acme/parcel/internal/inventory/service.go:44.16,46.3 1 0
example.com/acme/parcel/internal/inventory/service.go:48.2,57.8 1 0
example.com/acme/parcel/internal/inventory/store.go:31.51,33.30 2 0
example.com/acme/parcel/internal/inventory/store.go:33.30,35.3 1 0
example.com/acme/parcel/internal/inventory/store.go:37.2,37.12 1 0
example.com/acme/parcel/internal/inventory/store.go:41.59,44.2 2 0
example.com/acme/parcel/internal/inventory/store.go:61.61,65.31 3 0
example.com/acme/parcel/internal/inventory/store.go:65.31,66.48 1 0
example.com/acme/parcel/internal/inventory/store.go:66.48,67.48 1 0
example.com/acme/parcel/internal/inventory/store.go:67.48,69.5 1 0
example.com/acme/parcel/internal/inventory/store.go:71.4,71.41 1 0
example.com/acme/parcel/internal/inventory/store.go:74.3,74.67 1 0
example.com/acme/parcel/internal/inventory/store.go:77.2,78.29 2 0
example.com/acme/parcel/internal/inventory/store.go:78.29,81.3 2 0
example.com/acme/parcel/internal/inventory/store.go:83.2,83.20 1 0
example.com/acme/parcel/internal/inventory/client.go:21.40,23.2 1 0
example.com/acme/parcel/internal/inventory/client.go:26.80,28.16 2 0
example.com/acme/parcel/internal/inventory/client.go:28.16,30.3 1 0
example.com/acme/parcel/internal/inventory/client.go:32.2,41.16 2 0
example.com/acme/parcel/internal/inventory/client.go:41.16,43.3 1 0
example.com/acme/parcel/internal/inventory/client.go:45.2,45.20 1 0
example.com/acme/parcel/internal/inventory/client.go:49.78,51.16 2 0
example.com/acme/parcel/internal/inventory/client.go:51.16,53.3 1 0
example.com/acme/parcel/internal/inventory/client.go:55.2,55.20 1 0
example.com/acme/parcel/internal/inventory/client.go:61.88,63.16 2 0
example.com/acme/parcel/internal/inventory/client.go:63.16,65.3 1 0
example.com/acme/parcel/internal/inventory/client.go:67.2,68.27 2 0
example.com/acme/parcel/internal/inventory/client.go:68.27,70.20 2 0
example.com/acme/parcel/internal/inventory/client.go:70.20,72.4 1 0
example.com/acme/parcel/internal/inventory/client.go:74.3,74.33 1 0
example.com/acme/parcel/internal/inventory/client.go:77.2,77.29 1 0
example.com/acme/parcel/internal/settings/service.go:41.29,44.37 2 0
example.com/acme/parcel/internal/settings/service.go:44.37,46.14 2 0
example.com/acme/parcel/internal/settings/service.go:46.14,48.4 1 0
example.com/acme/parcel/internal/settings/service.go:50.3,50.11 1 0
example.com/acme/parcel/internal/settings/service.go:53.2,63.46 2 0
example.com/acme/parcel/internal/settings/service.go:63.46,65.17 2 0
example.com/acme/parcel/internal/settings/service.go:65.17,67.4 1 0
example.com/acme/parcel/internal/settings/service.go:69.3,69.23 1 0
example.com/acme/parcel/internal/settings/service.go:72.2,72.22 1 0
example.com/acme/parcel/internal/settings/service.go:72.22,74.3 1 0
example.com/acme/parcel/internal/settings/service.go:76.2,76.36 1 0
example.com/acme/parcel/internal/settings/service.go:76.36,78.3 1 0
example.com/acme/parcel/internal/settings/service.go:80.2,80.17 1 0
example.com/acme/parcel/internal/settings/service.go:98.47,101.37 2 0
example.com/acme/parcel/internal/settings/service.go:101.37,103.14 2 0
example.com/acme/parcel/internal/settings/service.go:103.14,105.4 1 0
example.com/acme/parcel/internal/settings/service.go:107.3,107.11 1 0
example.com/acme/parcel/internal/settings/service.go:110.2,115.22 2 0
example.com/acme/parcel/internal/settings/service.go:115.22,117.3 1 0
example.com/acme/parcel/internal/settings/service.go:119.2,119.17 1 0
example.com/acme/parcel/internal/settings/service.go:122.38,123.13 1 0
example.com/acme/parcel/internal/settings/service.go:123.13,125.3 1 0
example.com/acme/parcel/internal/settings/service.go:127.2,127.10 1 0
example.com/acme/parcel/internal/storage/service.go:31.90,54.2 4 0
example.com/acme/parcel/internal/storage/service.go:61.78,76.2 4 0
example.com/acme/parcel/internal/storage/service.go:83.68,85.16 2 0
example.com/acme/parcel/internal/storage/service.go:85.16,87.3 1 0
example.com/acme/parcel/internal/storage/service.go:88.2,90.18 3 0
example.com/acme/parcel/internal/storage/service.go:90.18,102.17 2 0
example.com/acme/parcel/internal/storage/service.go:102.17,104.4 1 0
example.com/acme/parcel/internal/storage/service.go:105.3,105.27 1 0
example.com/acme/parcel/internal/storage/service.go:107.2,107.35 1 0
example.com/acme/parcel/internal/storage/service.go:107.35,109.3 1 0
example.com/acme/parcel/internal/storage/service.go:110.2,110.19 1 0
example.com/acme/parcel/internal/storage/store.go:20.28,22.2 1 0
example.com/acme/parcel/internal/storage/store.go:28.46,32.2 1 0
example.com/acme/parcel/internal/storage/client.go:18.69,23.2 4 0
example.com/acme/parcel/internal/storage/client.go:30.66,35.2 4 0
example.com/acme/parcel/internal/storage/handler.go:18.96,28.2 4 0
example.com/acme/parcel/internal/storage/handler.go:35.72,45.2 4 0
example.com/acme/parcel/internal/storage/model.go:25.87,37.2 4 0
example.com/acme/parcel/internal/storage/model.go:44.99,55.2 4 0
example.com/acme/parcel/internal/storage/model.go:67.87,69.16 2 0
example.com/acme/parcel/internal/storage/model.go:69.16,71.3 1 0
example.com/acme/parcel/internal/storage/model.go:72.2,74.18 3 0
example.com/acme/parcel/internal/storage/model.go:74.18,76.53 2 0
example.com/acme/parcel/internal/storage/model.go:76.53,78.4 1 0
example.com/acme/parcel/internal/storage/model.go:79.3,79.41 1 0
example.com/acme/parcel/internal/storage/model.go:81.2,81.35 1 0
example.com/acme/parcel/internal/storage/model.go:81.35,83.3 1 0
example.com/acme/parcel/internal/storage/model.go:84.2,84.19 1 0
example.com/acme/parcel/internal/storage/model.go:92.84,94.16 2 0
example.com/acme/parcel/internal/storage/model.go:94.16,96.3 1 0
example.com/acme/parcel/internal/storage/model.go:97.2,99.18 3 0
example.com/acme/parcel/internal/storage/model.go:99.18,107.17 2 0
example.com/acme/parcel/internal/storage/model.go:107.17,109.4 1 0
example.com/acme/parcel/internal/storage/model.go:110.3,110.27 1 0
example.com/acme/parcel/internal/storage/model.go:112.2,112.35 1 0
example.com/acme/parcel/internal/storage/model.go:112.35,114.3 1 0
example.com/acme/parcel/internal/storage/model.go:115.2,115.19 1 0
example.com/acme/parcel/internal/storage/model.go:138.93,156.2 4 0
example.com/acme/parcel/internal/storage/model.go:179.114,195.2 4 0
example.com/acme/parcel/internal/storage/query.go:53.112,58.2 4 0
example.com/acme/parcel/internal/storage/query.go:73.103,90.2 4 0
example.com/acme/parcel/internal/storage/query.go:104.96,114.2 4 0
example.com/acme/parcel/internal/storage/query.go:121.65,126.2 4 0
example.com/acme/parcel/internal/storage/query.go:133.78,136.2 2 0
example.com/acme/parcel/internal/storage/query.go:149.97,161.2 4 0
example.com/acme/parcel/internal/storage/query.go:168.86,178.2 4 0
example.com/acme/parcel/internal/storage/query.go:185.76,190.2 4 0
example.com/acme/parcel/internal/storage/query.go:203.87,206.2 2 0
example.com/acme/parcel/internal/storage/codec.go:17.105,19.16 2 0
example.com/acme/parcel/internal/storage/codec.go:19.16,21.3 1 0
example.com/acme/parcel/internal/storage/codec.go:22.2,24.69 2 0
example.com/acme/parcel/internal/storage/codec.go:24.69,26.3 1 0
example.com/acme/parcel/internal/storage/codec.go:28.2,28.103 1 0
example.com/acme/parcel/internal/storage/codec.go:28.103,30.3 1 0
example.com/acme/parcel/internal/storage/codec.go:32.2,32.36 1 0
example.com/acme/parcel/internal/storage/codec.go:32.36,34.3 1 0
example.com/acme/parcel/internal/storage/codec.go:36.2,36.39 1 0
example.com/acme/parcel/internal/storage/codec.go:36.39,38.3 1 0
example.com/acme/parcel/internal/storage/codec.go:40.2,40.12 1 0
example.com/acme/parcel/internal/accounts/service.go:57.40,59.2 1 0
example.com/acme/parcel/internal/accounts/service.go:68.84,74.16 2 0
example.com/acme/parcel/internal/accounts/service.go:74.16,75.29 1 0
example.com/acme/parcel/internal/accounts/service.go:75.29,80.21 2 0
example.com/acme/parcel/internal/accounts/service.go:80.21,82.5 1 0
example.com/acme/parcel/internal/accounts/service.go:84.4,84.41 1 0
example.com/acme/parcel/internal/accounts/service.go:87.3,87.72 1 0
example.com/acme/parcel/internal/accounts/service.go:90.2,90.30 1 0
example.com/acme/parcel/internal/accounts/service.go:100.106,101.81 1 0
example.com/acme/parcel/internal/accounts/service.go:101.81,102.32 1 0
example.com/acme/parcel/internal/accounts/service.go:102.32,104.4 1 0
example.com/acme/parcel/internal/accounts/service.go:106.3,106.35 1 0
example.com/acme/parcel/internal/accounts/service.go:107.8,107.43 1 0
example.com/acme/parcel/internal/accounts/service.go:107.43,109.3 1 0
example.com/acme/parcel/internal/accounts/service.go:111.2,117.16 2 0
example.com/acme/parcel/internal/accounts/service.go:117.16,118.29 1 0
example.com/acme/parcel/internal/accounts/service.go:118.29,120.21 2 0
example.com/acme/parcel/internal/accounts/service.go:120.21,122.5 1 0
example.com/acme/parcel/internal/accounts/service.go:124.4,124.33 1 0
example.com/acme/parcel/internal/accounts/service.go:124.33,126.5 1 0
example.com/acme/parcel/internal/accounts/service.go:128.4,128.36 1 0
example.com/acme/parcel/internal/accounts/service.go:131.3,131.70 1 0
example.com/acme/parcel/internal/accounts/service.go:134.2,134.33 1 0
example.com/acme/parcel/internal/accounts/service.go:140.99,142.16 2 0
example.com/acme/parcel/internal/accounts/service.go:142.16,144.3 1 0
example.com/acme/parcel/internal/accounts/service.go:146.2,146.22 1 0
example.com/acme/parcel/internal/accounts/service.go:149.64,151.2 1 0
example.com/acme/parcel/internal/accounts/service.go:153.47,162.2 1 0
example.com/acme/parcel/internal/accounts/service.go:164.40,167.2 2 0
example.com/acme/parcel/internal/decimal/service.go:18.56,19.14 1 0
example.com/acme/parcel/internal/decimal/service.go:19.14,21.3 1 0
example.com/acme/parcel/internal/decimal/service.go:23.2,23.50 1 0
example.com/acme/parcel/internal/decimal/service.go:23.50,25.3 1 0
example.com/acme/parcel/internal/decimal/service.go:27.2,33.15 6 0
example.com/acme/parcel/internal/decimal/service.go:38.58,39.14 1 0
example.com/acme/parcel/internal/decimal/service.go:39.14,41.3 1 0
example.com/acme/parcel/internal/decimal/service.go:43.2,43.26 1 0
example.com/acme/parcel/internal/decimal/service.go:43.26,45.3 1 0
example.com/acme/parcel/internal/decimal/service.go:47.2,48.16 2 0
example.com/acme/parcel/internal/decimal/service.go:48.16,50.3 1 0
example.com/acme/parcel/internal/decimal/service.go:52.2,52.70 1 0
example.com/acme/parcel/internal/authflow/service.go:49.52,51.2 1 7
example.com/acme/parcel/internal/authflow/service.go:55.67,63.16 3 4
example.com/acme/parcel/internal/authflow/service.go:63.16,65.3 1 0
example.com/acme/parcel/internal/authflow/service.go:67.2,71.47 4 4
example.com/acme/parcel/internal/authflow/service.go:76.58,79.41 2 3
example.com/acme/parcel/internal/authflow/service.go:79.41,80.24 1 132
example.com/acme/parcel/internal/authflow/service.go:80.24,82.9 2 3
example.com/acme/parcel/internal/authflow/service.go:86.2,86.13 1 3
example.com/acme/parcel/internal/authflow/service.go:86.13,88.3 1 0
example.com/acme/parcel/internal/authflow/service.go:90.2,93.16 3 3
example.com/acme/parcel/internal/authflow/service.go:93.16,95.3 1 0
example.com/acme/parcel/internal/authflow/service.go:97.2,98.34 2 3
example.com/acme/parcel/internal/authflow/service.go:98.34,100.3 1 1
example.com/acme/parcel/internal/authflow/service.go:102.2,103.16 2 2
example.com/acme/parcel/internal/authflow/service.go:103.16,105.3 1 0
example.com/acme/parcel/internal/authflow/service.go:107.2,108.54 2 2
example.com/acme/parcel/internal/authflow/service.go:108.54,110.3 1 0
example.com/acme/parcel/internal/authflow/service.go:112.2,112.37 1 2
example.com/acme/parcel/internal/authflow/service.go:112.37,114.3 1 0
example.com/acme/parcel/internal/authflow/service.go:116.2,116.21 1 2
example.com/acme/parcel/internal/authflow/service.go:119.53,124.2 3 7
example.com/acme/parcel/internal/tokencheck/service.go:40.78,42.16 2 2
example.com/acme/parcel/internal/tokencheck/service.go:42.16,44.3 1 0
example.com/acme/parcel/internal/tokencheck/service.go:46.2,48.63 2 2
example.com/acme/parcel/internal/tokencheck/service.go:54.98,56.16 2 2
example.com/acme/parcel/internal/tokencheck/service.go:56.16,58.3 1 0
example.com/acme/parcel/internal/tokencheck/service.go:60.2,63.45 2 2
example.com/acme/parcel/internal/tokencheck/service.go:63.45,65.3 1 0
example.com/acme/parcel/internal/tokencheck/service.go:67.2,67.51 1 2
example.com/acme/parcel/internal/tokencheck/service.go:67.51,69.3 1 1
example.com/acme/parcel/internal/tokencheck/service.go:71.2,75.8 1 1
example.com/acme/parcel/internal/tariff/service.go:34.58,40.2 1 0
example.com/acme/parcel/internal/tariff/service.go:44.51,45.19 1 0
example.com/acme/parcel/internal/tariff/service.go:45.19,47.3 1 0
example.com/acme/parcel/internal/tariff/service.go:49.2,49.45 1 0
example.com/acme/parcel/internal/tariff/service.go:54.63,55.23 1 0
example.com/acme/parcel/internal/tariff/service.go:55.23,57.3 1 0
example.com/acme/parcel/internal/tariff/service.go:59.2,59.27 1 0
example.com/acme/parcel/internal/tariff/service.go:63.61,65.2 1 0
example.com/acme/parcel/internal/tariff/store.go:36.38,36.66 1 0
example.com/acme/parcel/internal/tariff/store.go:66.17,73.30 3 0
example.com/acme/parcel/internal/tariff/store.go:73.30,75.3 1 0
example.com/acme/parcel/internal/tariff/store.go:77.2,80.16 3 0
example.com/acme/parcel/internal/tariff/store.go:80.16,83.3 2 0
example.com/acme/parcel/internal/tariff/store.go:86.2,86.31 1 0
example.com/acme/parcel/internal/tariff/store.go:86.31,91.10 2 0
example.com/acme/parcel/internal/tariff/store.go:91.10,96.12 4 0
example.com/acme/parcel/internal/tariff/store.go:99.3,106.28 2 0
example.com/acme/parcel/internal/tariff/store.go:106.28,107.73 1 0
example.com/acme/parcel/internal/tariff/store.go:107.73,111.13 3 0
example.com/acme/parcel/internal/tariff/store.go:114.4,114.28 1 0
example.com/acme/parcel/internal/tariff/store.go:117.3,117.22 1 0
example.com/acme/parcel/internal/tariff/store.go:117.22,120.4 2 0
example.com/acme/parcel/internal/tariff/store.go:124.2,125.16 2 0
example.com/acme/parcel/internal/tariff/store.go:125.16,128.3 2 0
example.com/acme/parcel/internal/tariff/store.go:130.2,130.25 1 0
example.com/acme/parcel/internal/tariff/store.go:130.25,132.22 2 0
example.com/acme/parcel/internal/tariff/store.go:132.22,135.4 2 0
example.com/acme/parcel/internal/tariff/store.go:135.9,136.28 1 0
example.com/acme/parcel/internal/tariff/store.go:136.28,137.93 1 0
example.com/acme/parcel/internal/tariff/store.go:137.93,141.14 3 0
example.com/acme/parcel/internal/tariff/store.go:144.5,144.30 1 0
example.com/acme/parcel/internal/tariff/store.go:149.2,149.15 1 0
example.com/acme/parcel/internal/tariff/client.go:41.36,43.2 1 0
example.com/acme/parcel/internal/tariff/client.go:47.34,49.25 2 0
example.com/acme/parcel/internal/tariff/client.go:49.25,51.3 1 0
example.com/acme/parcel/internal/tariff/client.go:55.2,55.13 1 0
example.com/acme/parcel/internal/tariff/client.go:60.50,61.72 1 0
example.com/acme/parcel/internal/tariff/client.go:61.72,63.3 1 0
example.com/acme/parcel/internal/tariff/client.go:65.2,65.49 1 0
example.com/acme/parcel/internal/tariff/client.go:65.49,67.12 2 0
example.com/acme/parcel/internal/tariff/client.go:67.12,69.4 1 0
example.com/acme/parcel/internal/tariff/client.go:72.2,72.10 1 0
example.com/acme/parcel/internal/tariff/client.go:79.89,82.39 2 0
example.com/acme/parcel/internal/tariff/client.go:82.39,88.17 4 0
example.com/acme/parcel/internal/tariff/client.go:88.17,90.4 1 0
example.com/acme/parcel/internal/tariff/client.go:92.3,94.24 2 0
example.com/acme/parcel/internal/tariff/client.go:94.24,97.4 1 0
example.com/acme/parcel/internal/tariff/client.go:99.3,99.35 1 0
example.com/acme/parcel/internal/tariff/client.go:99.35,100.9 1 0
example.com/acme/parcel/internal/tariff/client.go:104.3,107.47 3 0
example.com/acme/parcel/internal/tariff/client.go:107.47,109.4 1 0
example.com/acme/parcel/internal/tariff/client.go:111.3,111.10 1 0
example.com/acme/parcel/internal/tariff/client.go:112.21,113.20 1 0
example.com/acme/parcel/internal/tariff/client.go:114.27,114.27 0 0
example.com/acme/parcel/internal/tariff/client.go:118.2,118.75 1 0
example.com/acme/parcel/internal/tariff/client.go:124.63,132.2 3 0
example.com/acme/parcel/internal/tariff/handler.go:24.36,26.2 1 0
example.com/acme/parcel/internal/tariff/handler.go:30.78,32.16 2 0
example.com/acme/parcel/internal/tariff/handler.go:32.16,34.3 1 0
example.com/acme/parcel/internal/tariff/handler.go:36.2,42.16 2 0
example.com/acme/parcel/internal/tariff/handler.go:42.16,44.3 1 0
example.com/acme/parcel/internal/tariff/handler.go:46.2,46.12 1 0
example.com/acme/parcel/internal/tariff/handler.go:50.90,52.16 2 0
example.com/acme/parcel/internal/tariff/handler.go:52.16,54.3 1 0
example.com/acme/parcel/internal/tariff/handler.go:56.2,63.16 2 0
example.com/acme/parcel/internal/tariff/handler.go:63.16,65.3 1 0
example.com/acme/parcel/internal/tariff/handler.go:67.2,67.12 1 0
example.com/acme/parcel/internal/tariff/handler.go:71.108,73.16 2 0
example.com/acme/parcel/internal/tariff/handler.go:73.16,75.3 1 0
example.com/acme/parcel/internal/tariff/handler.go:77.2,78.16 2 0
example.com/acme/parcel/internal/tariff/handler.go:78.16,80.3 1 0
example.com/acme/parcel/internal/tariff/handler.go:82.2,86.40 1 0
example.com/acme/parcel/internal/tariff/handler.go:90.98,92.16 2 0
example.com/acme/parcel/internal/tariff/handler.go:92.16,94.3 1 0
example.com/acme/parcel/internal/tariff/handler.go:96.2,97.16 2 0
example.com/acme/parcel/internal/tariff/handler.go:97.16,99.3 1 0
example.com/acme/parcel/internal/tariff/handler.go:101.2,101.33 1 0
example.com/acme/parcel/internal/tariff/handler.go:106.85,108.16 2 0
example.com/acme/parcel/internal/tariff/handler.go:108.16,110.3 1 0
example.com/acme/parcel/internal/tariff/handler.go:112.2,112.24 1 0
example.com/acme/parcel/internal/tariff/model.go:25.47,26.23 1 0
example.com/acme/parcel/internal/tariff/model.go:26.23,28.3 1 0
example.com/acme/parcel/internal/tariff/model.go:30.2,30.29 1 0
example.com/acme/parcel/internal/tariff/model.go:36.29,37.44 1 0
example.com/acme/parcel/internal/tariff/model.go:37.44,39.3 1 0
example.com/acme/parcel/internal/tariff/model.go:41.2,41.12 1 0
example.com/acme/parcel/internal/tariff/model.go:46.56,48.16 2 0
example.com/acme/parcel/internal/tariff/model.go:48.16,50.3 1 0
example.com/acme/parcel/internal/tariff/model.go:52.2,53.16 2 0
example.com/acme/parcel/internal/tariff/model.go:53.16,55.3 1 0
example.com/acme/parcel/internal/tariff/model.go:57.2,57.21 1 0
example.com/acme/parcel/internal/tariff/query.go:44.36,49.66 3 0
example.com/acme/parcel/internal/tariff/query.go:49.66,51.3 1 0
example.com/acme/parcel/internal/tariff/query.go:53.2,53.36 1 0
example.com/acme/parcel/internal/tariff/query.go:53.36,56.3 1 0
example.com/acme/parcel/internal/tariff/query.go:59.2,60.16 2 0
example.com/acme/parcel/internal/tariff/query.go:60.16,62.3 1 0
example.com/acme/parcel/internal/tariff/query.go:64.2,65.59 2 0
example.com/acme/parcel/internal/tariff/query.go:65.59,67.3 1 0
example.com/acme/parcel/internal/tariff/query.go:69.2,69.32 1 0
example.com/acme/parcel/internal/tariff/customs/service.go:47.41,48.25 1 0
example.com/acme/parcel/internal/tariff/customs/service.go:48.25,48.50 1 0
example.com/acme/parcel/internal/tariff/customs/service.go:52.53,53.25 1 0
example.com/acme/parcel/internal/tariff/customs/service.go:53.25,53.56 1 0
example.com/acme/parcel/internal/tariff/customs/service.go:57.59,58.25 1 0
example.com/acme/parcel/internal/tariff/customs/service.go:58.25,58.55 1 0
example.com/acme/parcel/internal/tariff/customs/service.go:63.34,66.27 2 0
example.com/acme/parcel/internal/tariff/customs/service.go:66.27,68.3 1 0
example.com/acme/parcel/internal/tariff/customs/service.go:70.2,70.10 1 0
example.com/acme/parcel/internal/tariff/customs/service.go:74.36,74.59 1 0
example.com/acme/parcel/internal/tariff/customs/service.go:83.106,86.27 2 0
example.com/acme/parcel/internal/tariff/customs/service.go:86.27,89.17 2 0
example.com/acme/parcel/internal/tariff/customs/service.go:89.17,91.4 1 0
example.com/acme/parcel/internal/tariff/customs/service.go:93.3,98.5 1 0
example.com/acme/parcel/internal/tariff/customs/service.go:101.2,101.19 1 0
example.com/acme/parcel/internal/tariff/customs/service.go:118.115,121.33 2 0
example.com/acme/parcel/internal/tariff/customs/service.go:121.33,125.17 3 0
example.com/acme/parcel/internal/tariff/customs/service.go:125.17,127.4 1 0
example.com/acme/parcel/internal/tariff/customs/service.go:129.3,129.9 1 0
example.com/acme/parcel/internal/tariff/customs/service.go:129.9,131.4 1 0
example.com/acme/parcel/internal/tariff/customs/service.go:134.2,135.45 1 0
example.com/acme/parcel/internal/tariff/customs/service.go:142.132,153.16 4 0
example.com/acme/parcel/internal/tariff/customs/service.go:153.16,155.3 1 0
example.com/acme/parcel/internal/tariff/customs/service.go:157.2,165.81 7 0
example.com/acme/parcel/internal/tariff/customs/service.go:165.81,167.20 2 0
example.com/acme/parcel/internal/tariff/customs/service.go:167.20,169.4 1 0
example.com/acme/parcel/internal/tariff/customs/service.go:171.3,172.19 2 0
example.com/acme/parcel/internal/tariff/customs/service.go:172.19,174.4 1 0
example.com/acme/parcel/internal/tariff/customs/service.go:176.3,176.16 1 0
example.com/acme/parcel/internal/tariff/customs/service.go:176.16,176.41 1 0
example.com/acme/parcel/internal/tariff/customs/service.go:178.3,178.39 1 0
example.com/acme/parcel/internal/tariff/customs/service.go:178.39,180.54 2 0
example.com/acme/parcel/internal/tariff/customs/service.go:180.54,182.5 1 0
example.com/acme/parcel/internal/tariff/customs/service.go:184.4,184.13 1 0
example.com/acme/parcel/internal/tariff/customs/service.go:187.3,187.52 1 0
example.com/acme/parcel/internal/tariff/customs/service.go:189.2,189.21 1 0
example.com/acme/parcel/internal/tariff/customs/service.go:189.21,191.3 1 0
example.com/acme/parcel/internal/tariff/customs/service.go:193.2,193.28 1 0
example.com/acme/parcel/internal/tariff/customs/service.go:193.28,196.3 1 0
example.com/acme/parcel/internal/tariff/customs/service.go:198.2,201.21 3 0
example.com/acme/parcel/internal/tariff/customs/service.go:201.21,203.3 1 0
example.com/acme/parcel/internal/tariff/customs/service.go:208.2,211.21 3 0
example.com/acme/parcel/internal/tariff/customs/service.go:211.21,214.3 1 0
example.com/acme/parcel/internal/tariff/customs/service.go:216.2,216.30 1 0
example.com/acme/parcel/internal/tariff/fx/service.go:41.41,42.25 1 0
example.com/acme/parcel/internal/tariff/fx/service.go:42.25,42.50 1 0
example.com/acme/parcel/internal/tariff/fx/service.go:46.53,47.25 1 0
example.com/acme/parcel/internal/tariff/fx/service.go:47.25,47.56 1 0
example.com/acme/parcel/internal/tariff/fx/service.go:51.59,52.25 1 0
example.com/acme/parcel/internal/tariff/fx/service.go:52.25,52.55 1 0
example.com/acme/parcel/internal/tariff/fx/service.go:57.34,60.27 2 0
example.com/acme/parcel/internal/tariff/fx/service.go:60.27,62.3 1 0
example.com/acme/parcel/internal/tariff/fx/service.go:64.2,64.10 1 0
example.com/acme/parcel/internal/tariff/fx/service.go:68.36,68.59 1 0
example.com/acme/parcel/internal/tariff/fx/service.go:74.100,75.22 1 0
example.com/acme/parcel/internal/tariff/fx/service.go:75.22,77.3 1 0
example.com/acme/parcel/internal/tariff/fx/service.go:81.2,84.27 3 0
example.com/acme/parcel/internal/tariff/fx/service.go:84.27,86.3 1 0
example.com/acme/parcel/internal/tariff/fx/service.go:88.2,100.81 4 0
example.com/acme/parcel/internal/tariff/fx/service.go:100.81,102.17 2 0
example.com/acme/parcel/internal/tariff/fx/service.go:102.17,104.4 1 0
example.com/acme/parcel/internal/tariff/fx/service.go:106.3,107.17 2 0
example.com/acme/parcel/internal/tariff/fx/service.go:107.17,109.4 1 0
example.com/acme/parcel/internal/tariff/fx/service.go:111.3,111.16 1 0
example.com/acme/parcel/internal/tariff/fx/service.go:111.16,111.41 1 0
example.com/acme/parcel/internal/tariff/fx/service.go:113.3,113.39 1 0
example.com/acme/parcel/internal/tariff/fx/service.go:113.39,115.54 2 0
example.com/acme/parcel/internal/tariff/fx/service.go:115.54,117.5 1 0
example.com/acme/parcel/internal/tariff/fx/service.go:119.4,119.13 1 0
example.com/acme/parcel/internal/tariff/fx/service.go:122.3,124.18 2 0
example.com/acme/parcel/internal/tariff/fx/service.go:126.2,126.21 1 0
example.com/acme/parcel/internal/tariff/fx/service.go:126.21,128.3 1 0
example.com/acme/parcel/internal/tariff/fx/service.go:130.2,133.27 3 0
example.com/acme/parcel/internal/tariff/fx/service.go:133.27,137.10 3 0
example.com/acme/parcel/internal/tariff/fx/service.go:137.10,139.4 1 0
example.com/acme/parcel/internal/tariff/fx/service.go:141.3,142.10 2 0
example.com/acme/parcel/internal/tariff/fx/service.go:142.10,144.4 1 0
example.com/acme/parcel/internal/tariff/fx/service.go:146.3,147.17 2 0
example.com/acme/parcel/internal/tariff/fx/service.go:147.17,149.4 1 0
example.com/acme/parcel/internal/tariff/fx/service.go:151.3,155.5 1 0
example.com/acme/parcel/internal/tariff/fx/service.go:158.2,158.20 1 0
example.com/acme/parcel/internal/tariff/postal/service.go:66.41,67.25 1 0
example.com/acme/parcel/internal/tariff/postal/service.go:67.25,67.50 1 0
example.com/acme/parcel/internal/tariff/postal/service.go:71.53,72.25 1 0
example.com/acme/parcel/internal/tariff/postal/service.go:72.25,72.56 1 0
example.com/acme/parcel/internal/tariff/postal/service.go:76.59,77.25 1 0
example.com/acme/parcel/internal/tariff/postal/service.go:77.25,77.55 1 0
example.com/acme/parcel/internal/tariff/postal/service.go:83.40,84.25 1 0
example.com/acme/parcel/internal/tariff/postal/service.go:84.25,84.44 1 0
example.com/acme/parcel/internal/tariff/postal/service.go:89.50,90.25 1 0
example.com/acme/parcel/internal/tariff/postal/service.go:90.25,90.50 1 0
example.com/acme/parcel/internal/tariff/postal/service.go:95.34,101.27 2 0
example.com/acme/parcel/internal/tariff/postal/service.go:101.27,103.3 1 0
example.com/acme/parcel/internal/tariff/postal/service.go:105.2,105.10 1 0
example.com/acme/parcel/internal/tariff/postal/service.go:109.36,109.59 1 0
example.com/acme/parcel/internal/tariff/postal/service.go:119.100,120.22 1 0
example.com/acme/parcel/internal/tariff/postal/service.go:120.22,122.3 1 0
example.com/acme/parcel/internal/tariff/postal/service.go:124.2,124.19 1 0
example.com/acme/parcel/internal/tariff/postal/service.go:124.19,126.3 1 0
example.com/acme/parcel/internal/tariff/postal/service.go:128.2,132.27 3 0
example.com/acme/parcel/internal/tariff/postal/service.go:132.27,134.30 1 0
example.com/acme/parcel/internal/tariff/postal/service.go:134.30,135.11 1 0
example.com/acme/parcel/internal/tariff/postal/service.go:136.22,137.59 1 0
example.com/acme/parcel/internal/tariff/postal/service.go:138.34,138.34 0 0
example.com/acme/parcel/internal/tariff/postal/service.go:142.3,143.17 2 0
example.com/acme/parcel/internal/tariff/postal/service.go:143.17,145.32 2 0
example.com/acme/parcel/internal/tariff/postal/service.go:145.32,149.5 1 0
example.com/acme/parcel/internal/tariff/postal/service.go:151.4,153.12 2 0
example.com/acme/parcel/internal/tariff/postal/service.go:156.3,156.29 1 0
example.com/acme/parcel/internal/tariff/postal/service.go:159.2,159.37 1 0
example.com/acme/parcel/internal/tariff/postal/service.go:163.88,168.81 3 0
example.com/acme/parcel/internal/tariff/postal/service.go:168.81,170.17 2 0
example.com/acme/parcel/internal/tariff/postal/service.go:170.17,172.4 1 0
example.com/acme/parcel/internal/tariff/postal/service.go:174.3,177.17 3 0
example.com/acme/parcel/internal/tariff/postal/service.go:177.17,179.4 1 0
example.com/acme/parcel/internal/tariff/postal/service.go:181.3,181.16 1 0
example.com/acme/parcel/internal/tariff/postal/service.go:181.16,181.41 1 0
example.com/acme/parcel/internal/tariff/postal/service.go:183.3,183.39 1 0
example.com/acme/parcel/internal/tariff/postal/service.go:183.39,185.54 2 0
example.com/acme/parcel/internal/tariff/postal/service.go:185.54,187.5 1 0
example.com/acme/parcel/internal/tariff/postal/service.go:189.4,189.13 1 0
example.com/acme/parcel/internal/tariff/postal/service.go:192.3,192.52 1 0
example.com/acme/parcel/internal/tariff/postal/service.go:194.2,194.21 1 0
example.com/acme/parcel/internal/tariff/postal/service.go:194.21,196.3 1 0
example.com/acme/parcel/internal/tariff/postal/service.go:202.2,202.36 1 0
example.com/acme/parcel/internal/tariff/postal/service.go:202.36,204.3 1 0
example.com/acme/parcel/internal/tariff/postal/service.go:208.2,208.42 1 0
example.com/acme/parcel/internal/tariff/postal/service.go:208.42,210.3 1 0
example.com/acme/parcel/internal/tariff/postal/service.go:212.2,213.16 2 0
example.com/acme/parcel/internal/tariff/postal/service.go:213.16,215.3 1 0
example.com/acme/parcel/internal/tariff/postal/service.go:219.2,219.28 1 0
example.com/acme/parcel/internal/tariff/postal/service.go:219.28,221.3 1 0
example.com/acme/parcel/internal/tariff/postal/service.go:227.2,228.16 2 0
example.com/acme/parcel/internal/tariff/postal/service.go:228.16,231.3 1 0
example.com/acme/parcel/internal/tariff/postal/service.go:233.2,237.8 1 0
example.com/acme/parcel/internal/tariff/postal/service.go:246.43,247.24 1 0
example.com/acme/parcel/internal/tariff/postal/service.go:247.24,249.3 1 0
example.com/acme/parcel/internal/tariff/postal/service.go:251.2,251.71 1 0
example.com/acme/parcel/internal/tariff/courier/service.go:58.41,59.25 1 0
example.com/acme/parcel/internal/tariff/courier/service.go:59.25,59.50 1 0
example.com/acme/parcel/internal/tariff/courier/service.go:63.53,64.25 1 0
example.com/acme/parcel/internal/tariff/courier/service.go:64.25,64.56 1 0
example.com/acme/parcel/internal/tariff/courier/service.go:68.59,69.25 1 0
example.com/acme/parcel/internal/tariff/courier/service.go:69.25,69.55 1 0
example.com/acme/parcel/internal/tariff/courier/service.go:74.50,75.25 1 0
example.com/acme/parcel/internal/tariff/courier/service.go:75.25,75.50 1 0
example.com/acme/parcel/internal/tariff/courier/service.go:80.34,86.27 2 0
example.com/acme/parcel/internal/tariff/courier/service.go:86.27,88.3 1 0
example.com/acme/parcel/internal/tariff/courier/service.go:90.2,90.10 1 0
example.com/acme/parcel/internal/tariff/courier/service.go:94.36,94.59 1 0
example.com/acme/parcel/internal/tariff/courier/service.go:103.100,104.22 1 0
example.com/acme/parcel/internal/tariff/courier/service.go:104.22,106.3 1 0
example.com/acme/parcel/internal/tariff/courier/service.go:108.2,112.27 3 0
example.com/acme/parcel/internal/tariff/courier/service.go:112.27,114.30 1 0
example.com/acme/parcel/internal/tariff/courier/service.go:114.30,115.11 1 0
example.com/acme/parcel/internal/tariff/courier/service.go:116.22,117.59 1 0
example.com/acme/parcel/internal/tariff/courier/service.go:118.34,118.34 0 0
example.com/acme/parcel/internal/tariff/courier/service.go:122.3,123.17 2 0
example.com/acme/parcel/internal/tariff/courier/service.go:123.17,125.12 2 0
example.com/acme/parcel/internal/tariff/courier/service.go:128.3,128.29 1 0
example.com/acme/parcel/internal/tariff/courier/service.go:131.2,131.37 1 0
example.com/acme/parcel/internal/tariff/courier/service.go:135.88,144.81 3 0
example.com/acme/parcel/internal/tariff/courier/service.go:144.81,146.17 2 0
example.com/acme/parcel/internal/tariff/courier/service.go:146.17,148.4 1 0
example.com/acme/parcel/internal/tariff/courier/service.go:150.3,153.17 3 0
example.com/acme/parcel/internal/tariff/courier/service.go:153.17,155.4 1 0
example.com/acme/parcel/internal/tariff/courier/service.go:157.3,157.16 1 0
example.com/acme/parcel/internal/tariff/courier/service.go:157.16,157.41 1 0
example.com/acme/parcel/internal/tariff/courier/service.go:159.3,159.39 1 0
example.com/acme/parcel/internal/tariff/courier/service.go:159.39,161.54 2 0
example.com/acme/parcel/internal/tariff/courier/service.go:161.54,163.5 1 0
example.com/acme/parcel/internal/tariff/courier/service.go:165.4,165.13 1 0
example.com/acme/parcel/internal/tariff/courier/service.go:168.3,168.52 1 0
example.com/acme/parcel/internal/tariff/courier/service.go:170.2,170.21 1 0
example.com/acme/parcel/internal/tariff/courier/service.go:170.21,172.3 1 0
example.com/acme/parcel/internal/tariff/courier/service.go:174.2,174.32 1 0
example.com/acme/parcel/internal/tariff/courier/service.go:178.76,179.30 1 0
example.com/acme/parcel/internal/tariff/courier/service.go:179.30,181.3 1 0
example.com/acme/parcel/internal/tariff/courier/service.go:183.2,187.46 2 0
example.com/acme/parcel/internal/tariff/courier/service.go:187.46,192.3 1 0
example.com/acme/parcel/internal/tariff/courier/service.go:194.2,194.42 1 0
example.com/acme/parcel/internal/tariff/courier/service.go:194.42,196.3 1 0
example.com/acme/parcel/internal/tariff/courier/service.go:198.2,201.25 3 0
example.com/acme/parcel/internal/tariff/courier/service.go:201.25,203.3 1 0
example.com/acme/parcel/internal/tariff/courier/service.go:205.2,205.39 1 0
example.com/acme/parcel/internal/tariff/courier/service.go:205.39,210.3 1 0
example.com/acme/parcel/internal/tariff/courier/service.go:213.2,215.47 2 0
example.com/acme/parcel/internal/tariff/courier/service.go:215.47,216.15 1 0
example.com/acme/parcel/internal/tariff/courier/service.go:216.15,218.9 2 0
example.com/acme/parcel/internal/tariff/courier/service.go:222.2,222.17 1 0
example.com/acme/parcel/internal/tariff/courier/service.go:222.17,224.3 1 0
example.com/acme/parcel/internal/tariff/courier/service.go:226.2,227.16 2 0
example.com/acme/parcel/internal/tariff/courier/service.go:227.16,229.3 1 0
example.com/acme/parcel/internal/tariff/courier/service.go:231.2,237.8 2 0
example.com/acme/parcel/internal/basket/service.go:29.69,30.46 1 1
example.com/acme/parcel/internal/basket/service.go:30.46,31.72 1 1
example.com/acme/parcel/internal/basket/service.go:31.72,33.18 2 1
example.com/acme/parcel/internal/basket/service.go:33.18,36.5 2 0
example.com/acme/parcel/internal/basket/service.go:38.4,39.18 2 1
example.com/acme/parcel/internal/basket/service.go:39.18,42.5 2 0
example.com/acme/parcel/internal/basket/service.go:44.4,45.41 2 1
example.com/acme/parcel/internal/basket/service.go:51.63,54.2 2 2
example.com/acme/parcel/internal/basket/service.go:56.42,60.2 3 0
example.com/acme/parcel/internal/basket/service.go:71.69,80.2 1 1
example.com/acme/parcel/internal/basket/service.go:83.54,94.2 1 2
example.com/acme/parcel/internal/basket/store.go:41.38,43.42 2 0
example.com/acme/parcel/internal/basket/store.go:43.42,45.3 1 0
example.com/acme/parcel/internal/basket/store.go:47.2,47.55 1 0
example.com/acme/parcel/internal/basket/store.go:53.35,56.2 2 0
example.com/acme/parcel/internal/basket/store.go:67.55,69.2 1 0
example.com/acme/parcel/internal/basket/store.go:73.79,75.16 2 0
example.com/acme/parcel/internal/basket/store.go:75.16,77.3 1 0
example.com/acme/parcel/internal/basket/store.go:79.2,84.16 2 0
example.com/acme/parcel/internal/basket/store.go:84.16,86.3 1 0
example.com/acme/parcel/internal/basket/store.go:88.2,88.17 1 0
example.com/acme/parcel/internal/basket/store.go:94.82,98.16 3 0
example.com/acme/parcel/internal/basket/store.go:98.16,99.36 1 0
example.com/acme/parcel/internal/basket/store.go:99.36,101.4 1 0
example.com/acme/parcel/internal/basket/store.go:103.3,103.59 1 0
example.com/acme/parcel/internal/basket/store.go:106.2,106.43 1 0
example.com/acme/parcel/internal/basket/store.go:106.43,108.3 1 0
example.com/acme/parcel/internal/basket/store.go:110.2,114.17 2 0
example.com/acme/parcel/internal/basket/store.go:114.17,116.3 1 0
example.com/acme/parcel/internal/basket/store.go:118.2,118.24 1 0
example.com/acme/parcel/internal/basket/store.go:123.68,124.68 1 0
example.com/acme/parcel/internal/basket/store.go:124.68,126.3 1 0
example.com/acme/parcel/internal/basket/store.go:128.2,128.12 1 0
example.com/acme/parcel/internal/basket/store.go:131.52,133.2 1 0
example.com/acme/parcel/internal/testutil/fakeauth/service.go:34.32,38.16 3 2
example.com/acme/parcel/internal/testutil/fakeauth/service.go:38.16,40.3 1 0
example.com/acme/parcel/internal/testutil/fakeauth/service.go:42.2,52.12 8 2
example.com/acme/parcel/internal/testutil/fakeauth/service.go:55.74,64.2 2 2
example.com/acme/parcel/internal/testutil/fakeauth/service.go:66.69,77.2 4 2
example.com/acme/parcel/internal/testutil/fakeauth/service.go:92.71,96.28 3 2
example.com/acme/parcel/internal/testutil/fakeauth/service.go:96.28,98.3 1 2
example.com/acme/parcel/internal/testutil/fakeauth/service.go:100.2,100.26 1 2
example.com/acme/parcel/internal/testutil/fakeauth/service.go:100.26,102.3 1 2
example.com/acme/parcel/internal/testutil/fakeauth/service.go:104.2,105.18 2 2
example.com/acme/parcel/internal/testutil/fakeauth/service.go:105.18,107.3 1 2
example.com/acme/parcel/internal/testutil/fakeauth/service.go:109.2,116.22 2 2
example.com/acme/parcel/internal/testutil/fakeauth/service.go:116.22,118.3 1 2
example.com/acme/parcel/internal/testutil/fakeauth/service.go:120.2,120.22 1 2
example.com/acme/parcel/internal/testutil/fakeauth/service.go:120.22,122.3 1 0
example.com/acme/parcel/internal/testutil/fakeauth/service.go:124.2,133.16 2 2
example.com/acme/parcel/internal/testutil/fakeauth/service.go:133.16,135.3 1 0
example.com/acme/parcel/internal/testutil/fakeauth/service.go:137.2,140.16 3 2
example.com/acme/parcel/internal/testutil/fakeauth/service.go:140.16,142.3 1 0
example.com/acme/parcel/internal/testutil/fakeauth/service.go:144.2,144.14 1 2
example.com/acme/parcel/internal/testutil/dbharness/service.go:28.42,45.19 5 0
example.com/acme/parcel/internal/testutil/dbharness/service.go:45.19,47.3 1 0
example.com/acme/parcel/internal/testutil/dbharness/service.go:49.2,58.13 7 0
example.com/acme/parcel/internal/testutil/dbharness/service.go:61.44,67.15 4 0
example.com/acme/parcel/internal/testutil/dbharness/service.go:67.15,67.33 1 0
example.com/acme/parcel/internal/testutil/dbharness/service.go:69.2,71.51 3 0
example.com/acme/parcel/internal/testutil/dbharness/service.go:76.29,79.2 2 0
example.com/acme/parcel/cmd/syncd/main.go:45.13,50.16 4 0
example.com/acme/parcel/cmd/syncd/main.go:50.16,53.3 2 0
example.com/acme/parcel/cmd/syncd/main.go:55.2,55.15 1 0
example.com/acme/parcel/cmd/syncd/main.go:55.15,57.3 1 0
example.com/acme/parcel/cmd/syncd/main.go:64.44,66.16 2 0
example.com/acme/parcel/cmd/syncd/main.go:66.16,68.3 1 0
example.com/acme/parcel/cmd/syncd/main.go:72.2,72.49 1 0
example.com/acme/parcel/cmd/syncd/main.go:72.49,74.3 1 0
example.com/acme/parcel/cmd/syncd/main.go:76.2,84.16 6 0
example.com/acme/parcel/cmd/syncd/main.go:84.16,86.3 1 0
example.com/acme/parcel/cmd/syncd/main.go:88.2,110.34 9 0
example.com/acme/parcel/cmd/syncd/main.go:110.34,112.3 1 0
example.com/acme/parcel/cmd/syncd/main.go:114.2,114.21 1 0
example.com/acme/parcel/cmd/syncd/main.go:114.21,116.3 1 0
example.com/acme/parcel/cmd/syncd/main.go:118.2,118.15 1 0
example.com/acme/parcel/cmd/gateway/main.go:41.13,45.36 3 0
example.com/acme/parcel/cmd/gateway/main.go:45.36,48.3 2 0
example.com/acme/parcel/cmd/gateway/main.go:51.37,53.16 2 0
example.com/acme/parcel/cmd/gateway/main.go:53.16,55.3 1 0
example.com/acme/parcel/cmd/gateway/main.go:57.2,61.16 4 0
example.com/acme/parcel/cmd/gateway/main.go:61.16,63.3 1 0
example.com/acme/parcel/cmd/gateway/main.go:64.2,71.16 6 0
example.com/acme/parcel/cmd/gateway/main.go:71.16,73.3 1 0
example.com/acme/parcel/cmd/gateway/main.go:75.2,109.12 6 0
example.com/acme/parcel/cmd/gateway/main.go:109.12,116.3 4 0
example.com/acme/parcel/cmd/gateway/main.go:118.2,120.86 2 0
example.com/acme/parcel/cmd/gateway/main.go:120.86,122.3 1 0
example.com/acme/parcel/cmd/gateway/main.go:124.2,124.12 1 0
example.com/acme/parcel/cmd/gateway/main.go:134.109,145.42 5 0
example.com/acme/parcel/cmd/gateway/main.go:145.42,153.30 3 0
example.com/acme/parcel/cmd/gateway/main.go:153.30,157.4 3 0
example.com/acme/parcel/cmd/gateway/main.go:159.3,166.77 3 0
example.com/acme/parcel/cmd/gateway/main.go:166.77,168.4 1 0
example.com/acme/parcel/cmd/gateway/main.go:171.2,171.15 1 0
example.com/acme/parcel/internal/rest/service.go:72.68,76.16 3 0
example.com/acme/parcel/internal/rest/service.go:76.16,81.3 3 0
example.com/acme/parcel/internal/rest/service.go:83.2,84.16 2 0
example.com/acme/parcel/internal/rest/service.go:84.16,89.3 3 0
example.com/acme/parcel/internal/rest/service.go:91.2,96.48 2 0
example.com/acme/parcel/internal/rest/service.go:103.71,107.52 3 0
example.com/acme/parcel/internal/rest/service.go:107.52,112.3 3 0
example.com/acme/parcel/internal/rest/service.go:114.2,117.36 3 0
example.com/acme/parcel/internal/rest/service.go:117.36,120.3 2 0
example.com/acme/parcel/internal/rest/service.go:122.2,123.16 2 0
example.com/acme/parcel/internal/rest/service.go:123.16,128.3 3 0
example.com/acme/parcel/internal/rest/service.go:130.2,131.16 2 0
example.com/acme/parcel/internal/rest/service.go:131.16,136.3 3 0
example.com/acme/parcel/internal/rest/service.go:138.2,139.29 2 0
example.com/acme/parcel/internal/rest/service.go:139.29,144.3 3 0
example.com/acme/parcel/internal/rest/service.go:146.2,147.16 2 0
example.com/acme/parcel/internal/rest/service.go:147.16,152.3 3 0
example.com/acme/parcel/internal/rest/service.go:154.2,159.16 2 0
example.com/acme/parcel/internal/rest/service.go:159.16,164.3 3 0
example.com/acme/parcel/internal/rest/service.go:166.2,167.16 2 0
example.com/acme/parcel/internal/rest/service.go:167.16,172.3 3 0
example.com/acme/parcel/internal/rest/service.go:174.2,175.60 2 0
example.com/acme/parcel/internal/rest/service.go:178.78,180.16 2 0
example.com/acme/parcel/internal/rest/service.go:180.16,182.3 1 0
example.com/acme/parcel/internal/rest/service.go:184.2,184.45 1 0
example.com/acme/parcel/internal/rest/service.go:187.47,188.29 1 0
example.com/acme/parcel/internal/rest/service.go:188.29,190.3 1 0
example.com/acme/parcel/internal/rest/service.go:192.2,192.26 1 0
example.com/acme/parcel/internal/rest/service.go:195.41,197.2 1 0
example.com/acme/parcel/internal/rest/service.go:199.36,201.42 2 0
example.com/acme/parcel/internal/rest/service.go:201.42,203.3 1 0
example.com/acme/parcel/internal/rest/service.go:205.2,205.55 1 0
example.com/acme/parcel/internal/rest/store.go:7.53,8.14 1 0
example.com/acme/parcel/internal/rest/store.go:8.14,10.3 1 0
example.com/acme/parcel/internal/rest/store.go:12.2,12.23 1 0
example.com/acme/parcel/internal/rest/client.go:27.68,28.61 1 0
example.com/acme/parcel/internal/rest/client.go:28.61,29.82 1 0
example.com/acme/parcel/internal/rest/client.go:29.82,34.4 3 0
example.com/acme/parcel/internal/rest/client.go:37.2,38.37 2 0
example.com/acme/parcel/internal/rest/client.go:41.37,43.2 1 0
example.com/acme/parcel/internal/rest/handler.go:22.49,24.9 2 0
example.com/acme/parcel/internal/rest/handler.go:24.9,29.3 2 0
example.com/acme/parcel/internal/rest/handler.go:31.2,32.59 2 0
example.com/acme/parcel/internal/inventory/service.go:42.42,44.16 2 0
example.com/acme/parcel/internal/inventory/service.go:44.16,46.3 1 0
example.com/acme/parcel/internal/inventory/service.go:48.2,57.8 1 0
example.com/acme/parcel/internal/inventory/store.go:31.51,33.30 2 0
example.com/acme/parcel/internal/inventory/store.go:33.30,35.3 1 0
example.com/acme/parcel/internal/inventory/store.go:37.2,37.12 1 0
example.com/acme/parcel/internal/inventory/store.go:41.59,44.2 2 0
example.com/acme/parcel/internal/inventory/store.go:61.61,65.31 3 0
example.com/acme/parcel/internal/inventory/store.go:65.31,66.48 1 0
example.com/acme/parcel/internal/inventory/store.go:66.48,67.48 1 0
example.com/acme/parcel/internal/inventory/store.go:67.48,69.5 1 0
example.com/acme/parcel/internal/inventory/store.go:71.4,71.41 1 0
example.com/acme/parcel/internal/inventory/store.go:74.3,74.67 1 0
example.com/acme/parcel/internal/inventory/store.go:77.2,78.29 2 0
example.com/acme/parcel/internal/inventory/store.go:78.29,81.3 2 0
example.com/acme/parcel/internal/inventory/store.go:83.2,83.20 1 0
example.com/acme/parcel/internal/inventory/client.go:21.40,23.2 1 0
example.com/acme/parcel/internal/inventory/client.go:26.80,28.16 2 0
example.com/acme/parcel/internal/inventory/client.go:28.16,30.3 1 0
example.com/acme/parcel/internal/inventory/client.go:32.2,41.16 2 0
example.com/acme/parcel/internal/inventory/client.go:41.16,43.3 1 0
example.com/acme/parcel/internal/inventory/client.go:45.2,45.20 1 0
example.com/acme/parcel/internal/inventory/client.go:49.78,51.16 2 0
example.com/acme/parcel/internal/inventory/client.go:51.16,53.3 1 0
example.com/acme/parcel/internal/inventory/client.go:55.2,55.20 1 0
example.com/acme/parcel/internal/inventory/client.go:61.88,63.16 2 0
example.com/acme/parcel/internal/inventory/client.go:63.16,65.3 1 0
example.com/acme/parcel/internal/inventory/client.go:67.2,68.27 2 0
example.com/acme/parcel/internal/inventory/client.go:68.27,70.20 2 0
example.com/acme/parcel/internal/inventory/client.go:70.20,72.4 1 0
example.com/acme/parcel/internal/inventory/client.go:74.3,74.33 1 0
example.com/acme/parcel/internal/inventory/client.go:77.2,77.29 1 0
example.com/acme/parcel/internal/settings/service.go:41.29,44.37 2 0
example.com/acme/parcel/internal/settings/service.go:44.37,46.14 2 0
example.com/acme/parcel/internal/settings/service.go:46.14,48.4 1 0
example.com/acme/parcel/internal/settings/service.go:50.3,50.11 1 0
example.com/acme/parcel/internal/settings/service.go:53.2,63.46 2 0
example.com/acme/parcel/internal/settings/service.go:63.46,65.17 2 0
example.com/acme/parcel/internal/settings/service.go:65.17,67.4 1 0
example.com/acme/parcel/internal/settings/service.go:69.3,69.23 1 0
example.com/acme/parcel/internal/settings/service.go:72.2,72.22 1 0
example.com/acme/parcel/internal/settings/service.go:72.22,74.3 1 0
example.com/acme/parcel/internal/settings/service.go:76.2,76.36 1 0
example.com/acme/parcel/internal/settings/service.go:76.36,78.3 1 0
example.com/acme/parcel/internal/settings/service.go:80.2,80.17 1 0
example.com/acme/parcel/internal/settings/service.go:98.47,101.37 2 0
example.com/acme/parcel/internal/settings/service.go:101.37,103.14 2 0
example.com/acme/parcel/internal/settings/service.go:103.14,105.4 1 0
example.com/acme/parcel/internal/settings/service.go:107.3,107.11 1 0
example.com/acme/parcel/internal/settings/service.go:110.2,115.22 2 0
example.com/acme/parcel/internal/settings/service.go:115.22,117.3 1 0
example.com/acme/parcel/internal/settings/service.go:119.2,119.17 1 0
example.com/acme/parcel/internal/settings/service.go:122.38,123.13 1 0
example.com/acme/parcel/internal/settings/service.go:123.13,125.3 1 0
example.com/acme/parcel/internal/settings/service.go:127.2,127.10 1 0
example.com/acme/parcel/internal/storage/service.go:31.90,54.2 4 0
example.com/acme/parcel/internal/storage/service.go:61.78,76.2 4 0
example.com/acme/parcel/internal/storage/service.go:83.68,85.16 2 0
example.com/acme/parcel/internal/storage/service.go:85.16,87.3 1 0
example.com/acme/parcel/internal/storage/service.go:88.2,90.18 3 0
example.com/acme/parcel/internal/storage/service.go:90.18,102.17 2 0
example.com/acme/parcel/internal/storage/service.go:102.17,104.4 1 0
example.com/acme/parcel/internal/storage/service.go:105.3,105.27 1 0
example.com/acme/parcel/internal/storage/service.go:107.2,107.35 1 0
example.com/acme/parcel/internal/storage/service.go:107.35,109.3 1 0
example.com/acme/parcel/internal/storage/service.go:110.2,110.19 1 0
example.com/acme/parcel/internal/storage/store.go:20.28,22.2 1 0
example.com/acme/parcel/internal/storage/store.go:28.46,32.2 1 0
example.com/acme/parcel/internal/storage/client.go:18.69,23.2 4 0
example.com/acme/parcel/internal/storage/client.go:30.66,35.2 4 0
example.com/acme/parcel/internal/storage/handler.go:18.96,28.2 4 0
example.com/acme/parcel/internal/storage/handler.go:35.72,45.2 4 0
example.com/acme/parcel/internal/storage/model.go:25.87,37.2 4 0
example.com/acme/parcel/internal/storage/model.go:44.99,55.2 4 0
example.com/acme/parcel/internal/storage/model.go:67.87,69.16 2 0
example.com/acme/parcel/internal/storage/model.go:69.16,71.3 1 0
example.com/acme/parcel/internal/storage/model.go:72.2,74.18 3 0
example.com/acme/parcel/internal/storage/model.go:74.18,76.53 2 0
example.com/acme/parcel/internal/storage/model.go:76.53,78.4 1 0
example.com/acme/parcel/internal/storage/model.go:79.3,79.41 1 0
example.com/acme/parcel/internal/storage/model.go:81.2,81.35 1 0
example.com/acme/parcel/internal/storage/model.go:81.35,83.3 1 0
example.com/acme/parcel/internal/storage/model.go:84.2,84.19 1 0
example.com/acme/parcel/internal/storage/model.go:92.84,94.16 2 0
example.com/acme/parcel/internal/storage/model.go:94.16,96.3 1 0
example.com/acme/parcel/internal/storage/model.go:97.2,99.18 3 0
example.com/acme/parcel/internal/storage/model.go:99.18,107.17 2 0
example.com/acme/parcel/internal/storage/model.go:107.17,109.4 1 0
example.com/acme/parcel/internal/storage/model.go:110.3,110.27 1 0
example.com/acme/parcel/internal/storage/model.go:112.2,112.35 1 0
example.com/acme/parcel/internal/storage/model.go:112.35,114.3 1 0
example.com/acme/parcel/internal/storage/model.go:115.2,115.19 1 0
example.com/acme/parcel/internal/storage/model.go:138.93,156.2 4 0
example.com/acme/parcel/internal/storage/model.go:179.114,195.2 4 0
example.com/acme/parcel/internal/storage/query.go:53.112,58.2 4 0
example.com/acme/parcel/internal/storage/query.go:73.103,90.2 4 0
example.com/acme/parcel/internal/storage/query.go:104.96,114.2 4 0
example.com/acme/parcel/internal/storage/query.go:121.65,126.2 4 0
example.com/acme/parcel/internal/storage/query.go:133.78,136.2 2 0
example.com/acme/parcel/internal/storage/query.go:149.97,161.2 4 0
example.com/acme/parcel/internal/storage/query.go:168.86,178.2 4 0
example.com/acme/parcel/internal/storage/query.go:185.76,190.2 4 0
example.com/acme/parcel/internal/storage/query.go:203.87,206.2 2 0
example.com/acme/parcel/internal/storage/codec.go:17.105,19.16 2 0
example.com/acme/parcel/internal/storage/codec.go:19.16,21.3 1 0
example.com/acme/parcel/internal/storage/codec.go:22.2,24.69 2 0
example.com/acme/parcel/internal/storage/codec.go:24.69,26.3 1 0
example.com/acme/parcel/internal/storage/codec.go:28.2,28.103 1 0
example.com/acme/parcel/internal/storage/codec.go:28.103,30.3 1 0
example.com/acme/parcel/internal/storage/codec.go:32.2,32.36 1 0
example.com/acme/parcel/internal/storage/codec.go:32.36,34.3 1 0
example.com/acme/parcel/internal/storage/codec.go:36.2,36.39 1 0
example.com/acme/parcel/internal/storage/codec.go:36.39,38.3 1 0
example.com/acme/parcel/internal/storage/codec.go:40.2,40.12 1 0
example.com/acme/parcel/internal/accounts/service.go:57.40,59.2 1 0
example.com/acme/parcel/internal/accounts/service.go:68.84,74.16 2 0
example.com/acme/parcel/internal/accounts/service.go:74.16,75.29 1 0
example.com/acme/parcel/internal/accounts/service.go:75.29,80.21 2 0
example.com/acme/parcel/internal/accounts/service.go:80.21,82.5 1 0
example.com/acme/parcel/internal/accounts/service.go:84.4,84.41 1 0
example.com/acme/parcel/internal/accounts/service.go:87.3,87.72 1 0
example.com/acme/parcel/internal/accounts/service.go:90.2,90.30 1 0
example.com/acme/parcel/internal/accounts/service.go:100.106,101.81 1 0
example.com/acme/parcel/internal/accounts/service.go:101.81,102.32 1 0
example.com/acme/parcel/internal/accounts/service.go:102.32,104.4 1 0
example.com/acme/parcel/internal/accounts/service.go:106.3,106.35 1 0
example.com/acme/parcel/internal/accounts/service.go:107.8,107.43 1 0
example.com/acme/parcel/internal/accounts/service.go:107.43,109.3 1 0
example.com/acme/parcel/internal/accounts/service.go:111.2,117.16 2 0
example.com/acme/parcel/internal/accounts/service.go:117.16,118.29 1 0
example.com/acme/parcel/internal/accounts/service.go:118.29,120.21 2 0
example.com/acme/parcel/internal/accounts/service.go:120.21,122.5 1 0
example.com/acme/parcel/internal/accounts/service.go:124.4,124.33 1 0
example.com/acme/parcel/internal/accounts/service.go:124.33,126.5 1 0
example.com/acme/parcel/internal/accounts/service.go:128.4,128.36 1 0
example.com/acme/parcel/internal/accounts/service.go:131.3,131.70 1 0
example.com/acme/parcel/internal/accounts/service.go:134.2,134.33 1 0
example.com/acme/parcel/internal/accounts/service.go:140.99,142.16 2 0
example.com/acme/parcel/internal/accounts/service.go:142.16,144.3 1 0
example.com/acme/parcel/internal/accounts/service.go:146.2,146.22 1 0
example.com/acme/parcel/internal/accounts/service.go:149.64,151.2 1 0
example.com/acme/parcel/internal/accounts/service.go:153.47,162.2 1 0
example.com/acme/parcel/internal/accounts/service.go:164.40,167.2 2 0
example.com/acme/parcel/internal/decimal/service.go:18.56,19.14 1 0
example.com/acme/parcel/internal/decimal/service.go:19.14,21.3 1 0
example.com/acme/parcel/internal/decimal/service.go:23.2,23.50 1 0
example.com/acme/parcel/internal/decimal/service.go:23.50,25.3 1 0
example.com/acme/parcel/internal/decimal/service.go:27.2,33.15 6 0
example.com/acme/parcel/internal/decimal/service.go:38.58,39.14 1 0
example.com/acme/parcel/internal/decimal/service.go:39.14,41.3 1 0
example.com/acme/parcel/internal/decimal/service.go:43.2,43.26 1 0
example.com/acme/parcel/internal/decimal/service.go:43.26,45.3 1 0
example.com/acme/parcel/internal/decimal/service.go:47.2,48.16 2 0
example.com/acme/parcel/internal/decimal/service.go:48.16,50.3 1 0
example.com/acme/parcel/internal/decimal/service.go:52.2,52.70 1 0
example.com/acme/parcel/internal/authflow/service.go:49.52,51.2 1 6
example.com/acme/parcel/internal/authflow/service.go:55.67,63.16 3 4
example.com/acme/parcel/internal/authflow/service.go:63.16,65.3 1 0
example.com/acme/parcel/internal/authflow/service.go:67.2,71.47 4 4
example.com/acme/parcel/internal/authflow/service.go:76.58,79.41 2 5
example.com/acme/parcel/internal/authflow/service.go:79.41,80.24 1 199
example.com/acme/parcel/internal/authflow/service.go:80.24,82.9 2 4
example.com/acme/parcel/internal/authflow/service.go:86.2,86.13 1 5
example.com/acme/parcel/internal/authflow/service.go:86.13,88.3 1 1
example.com/acme/parcel/internal/authflow/service.go:90.2,93.16 3 4
example.com/acme/parcel/internal/authflow/service.go:93.16,95.3 1 0
example.com/acme/parcel/internal/authflow/service.go:97.2,98.34 2 4
example.com/acme/parcel/internal/authflow/service.go:98.34,100.3 1 2
example.com/acme/parcel/internal/authflow/service.go:102.2,103.16 2 2
example.com/acme/parcel/internal/authflow/service.go:103.16,105.3 1 0
example.com/acme/parcel/internal/authflow/service.go:107.2,108.54 2 2
example.com/acme/parcel/internal/authflow/service.go:108.54,110.3 1 0
example.com/acme/parcel/internal/authflow/service.go:112.2,112.37 1 2
example.com/acme/parcel/internal/authflow/service.go:112.37,114.3 1 1
example.com/acme/parcel/internal/authflow/service.go:116.2,116.21 1 1
example.com/acme/parcel/internal/authflow/service.go:119.53,124.2 3 8
example.com/acme/parcel/internal/tokencheck/service.go:40.78,42.16 2 0
example.com/acme/parcel/internal/tokencheck/service.go:42.16,44.3 1 0
example.com/acme/parcel/internal/tokencheck/service.go:46.2,48.63 2 0
example.com/acme/parcel/internal/tokencheck/service.go:54.98,56.16 2 0
example.com/acme/parcel/internal/tokencheck/service.go:56.16,58.3 1 0
example.com/acme/parcel/internal/tokencheck/service.go:60.2,63.45 2 0
example.com/acme/parcel/internal/tokencheck/service.go:63.45,65.3 1 0
example.com/acme/parcel/internal/tokencheck/service.go:67.2,67.51 1 0
example.com/acme/parcel/internal/tokencheck/service.go:67.51,69.3 1 0
example.com/acme/parcel/internal/tokencheck/service.go:71.2,75.8 1 0
example.com/acme/parcel/internal/tariff/service.go:34.58,40.2 1 0
example.com/acme/parcel/internal/tariff/service.go:44.51,45.19 1 0
example.com/acme/parcel/internal/tariff/service.go:45.19,47.3 1 0
example.com/acme/parcel/internal/tariff/service.go:49.2,49.45 1 0
example.com/acme/parcel/internal/tariff/service.go:54.63,55.23 1 0
example.com/acme/parcel/internal/tariff/service.go:55.23,57.3 1 0
example.com/acme/parcel/internal/tariff/service.go:59.2,59.27 1 0
example.com/acme/parcel/internal/tariff/service.go:63.61,65.2 1 0
example.com/acme/parcel/internal/tariff/store.go:36.38,36.66 1 0
example.com/acme/parcel/internal/tariff/store.go:66.17,73.30 3 0
example.com/acme/parcel/internal/tariff/store.go:73.30,75.3 1 0
example.com/acme/parcel/internal/tariff/store.go:77.2,80.16 3 0
example.com/acme/parcel/internal/tariff/store.go:80.16,83.3 2 0
example.com/acme/parcel/internal/tariff/store.go:86.2,86.31 1 0
example.com/acme/parcel/internal/tariff/store.go:86.31,91.10 2 0
example.com/acme/parcel/internal/tariff/store.go:91.10,96.12 4 0
example.com/acme/parcel/internal/tariff/store.go:99.3,106.28 2 0
example.com/acme/parcel/internal/tariff/store.go:106.28,107.73 1 0
example.com/acme/parcel/internal/tariff/store.go:107.73,111.13 3 0
example.com/acme/parcel/internal/tariff/store.go:114.4,114.28 1 0
example.com/acme/parcel/internal/tariff/store.go:117.3,117.22 1 0
example.com/acme/parcel/internal/tariff/store.go:117.22,120.4 2 0
example.com/acme/parcel/internal/tariff/store.go:124.2,125.16 2 0
example.com/acme/parcel/internal/tariff/store.go:125.16,128.3 2 0
example.com/acme/parcel/internal/tariff/store.go:130.2,130.25 1 0
example.com/acme/parcel/internal/tariff/store.go:130.25,132.22 2 0
example.com/acme/parcel/internal/tariff/store.go:132.22,135.4 2 0
example.com/acme/parcel/internal/tariff/store.go:135.9,136.28 1 0
example.com/acme/parcel/internal/tariff/store.go:136.28,137.93 1 0
example.com/acme/parcel/internal/tariff/store.go:137.93,141.14 3 0
example.com/acme/parcel/internal/tariff/store.go:144.5,144.30 1 0
example.com/acme/parcel/internal/tariff/store.go:149.2,149.15 1 0
example.com/acme/parcel/internal/tariff/client.go:41.36,43.2 1 0
example.com/acme/parcel/internal/tariff/client.go:47.34,49.25 2 0
example.com/acme/parcel/internal/tariff/client.go:49.25,51.3 1 0
example.com/acme/parcel/internal/tariff/client.go:55.2,55.13 1 0
example.com/acme/parcel/internal/tariff/client.go:60.50,61.72 1 0
example.com/acme/parcel/internal/tariff/client.go:61.72,63.3 1 0
example.com/acme/parcel/internal/tariff/client.go:65.2,65.49 1 0
example.com/acme/parcel/internal/tariff/client.go:65.49,67.12 2 0
example.com/acme/parcel/internal/tariff/client.go:67.12,69.4 1 0
example.com/acme/parcel/internal/tariff/client.go:72.2,72.10 1 0
example.com/acme/parcel/internal/tariff/client.go:79.89,82.39 2 0
example.com/acme/parcel/internal/tariff/client.go:82.39,88.17 4 0
example.com/acme/parcel/internal/tariff/client.go:88.17,90.4 1 0
example.com/acme/parcel/internal/tariff/client.go:92.3,94.24 2 0
example.com/acme/parcel/internal/tariff/client.go:94.24,97.4 1 0
example.com/acme/parcel/internal/tariff/client.go:99.3,99.35 1 0
example.com/acme/parcel/internal/tariff/client.go:99.35,100.9 1 0
example.com/acme/parcel/internal/tariff/client.go:104.3,107.47 3 0
example.com/acme/parcel/internal/tariff/client.go:107.47,109.4 1 0
example.com/acme/parcel/internal/tariff/client.go:111.3,111.10 1 0
example.com/acme/parcel/internal/tariff/client.go:112.21,113.20 1 0
example.com/acme/parcel/internal/tariff/client.go:114.27,114.27 0 0
example.com/acme/parcel/internal/tariff/client.go:118.2,118.75 1 0
example.com/acme/parcel/internal/tariff/client.go:124.63,132.2 3 0
example.com/acme/parcel/internal/tariff/handler.go:24.36,26.2 1 0
example.com/acme/parcel/internal/tariff/handler.go:30.78,32.16 2 0
example.com/acme/parcel/internal/tariff/handler.go:32.16,34.3 1 0
example.com/acme/parcel/internal/tariff/handler.go:36.2,42.16 2 0
example.com/acme/parcel/internal/tariff/handler.go:42.16,44.3 1 0
example.com/acme/parcel/internal/tariff/handler.go:46.2,46.12 1 0
example.com/acme/parcel/internal/tariff/handler.go:50.90,52.16 2 0
example.com/acme/parcel/internal/tariff/handler.go:52.16,54.3 1 0
example.com/acme/parcel/internal/tariff/handler.go:56.2,63.16 2 0
example.com/acme/parcel/internal/tariff/handler.go:63.16,65.3 1 0
example.com/acme/parcel/internal/tariff/handler.go:67.2,67.12 1 0
example.com/acme/parcel/internal/tariff/handler.go:71.108,73.16 2 0
example.com/acme/parcel/internal/tariff/handler.go:73.16,75.3 1 0
example.com/acme/parcel/internal/tariff/handler.go:77.2,78.16 2 0
example.com/acme/parcel/internal/tariff/handler.go:78.16,80.3 1 0
example.com/acme/parcel/internal/tariff/handler.go:82.2,86.40 1 0
example.com/acme/parcel/internal/tariff/handler.go:90.98,92.16 2 0
example.com/acme/parcel/internal/tariff/handler.go:92.16,94.3 1 0
example.com/acme/parcel/internal/tariff/handler.go:96.2,97.16 2 0
example.com/acme/parcel/internal/tariff/handler.go:97.16,99.3 1 0
example.com/acme/parcel/internal/tariff/handler.go:101.2,101.33 1 0
example.com/acme/parcel/internal/tariff/handler.go:106.85,108.16 2 0
example.com/acme/parcel/internal/tariff/handler.go:108.16,110.3 1 0
example.com/acme/parcel/internal/tariff/handler.go:112.2,112.24 1 0
example.com/acme/parcel/internal/tariff/model.go:25.47,26.23 1 0
example.com/acme/parcel/internal/tariff/model.go:26.23,28.3 1 0
example.com/acme/parcel/internal/tariff/model.go:30.2,30.29 1 0
example.com/acme/parcel/internal/tariff/model.go:36.29,37.44 1 0
example.com/acme/parcel/internal/tariff/model.go:37.44,39.3 1 0
example.com/acme/parcel/internal/tariff/model.go:41.2,41.12 1 0
example.com/acme/parcel/internal/tariff/model.go:46.56,48.16 2 0
example.com/acme/parcel/internal/tariff/model.go:48.16,50.3 1 0
example.com/acme/parcel/internal/tariff/model.go:52.2,53.16 2 0
example.com/acme/parcel/internal/tariff/model.go:53.16,55.3 1 0
example.com/acme/parcel/internal/tariff/model.go:57.2,57.21 1 0
example.com/acme/parcel/internal/tariff/query.go:44.36,49.66 3 0
example.com/acme/parcel/internal/tariff/query.go:49.66,51.3 1 0
example.com/acme/parcel/internal/tariff/query.go:53.2,53.36 1 0
example.com/acme/parcel/internal/tariff/query.go:53.36,56.3 1 0
example.com/acme/parcel/internal/tariff/query.go:59.2,60.16 2 0
example.com/acme/parcel/internal/tariff/query.go:60.16,62.3 1 0
example.com/acme/parcel/internal/tariff/query.go:64.2,65.59 2 0
example.com/acme/parcel/internal/tariff/query.go:65.59,67.3 1 0
example.com/acme/parcel/internal/tariff/query.go:69.2,69.32 1 0
example.com/acme/parcel/internal/tariff/customs/service.go:47.41,48.25 1 0
example.com/acme/parcel/internal/tariff/customs/service.go:48.25,48.50 1 0
example.com/acme/parcel/internal/tariff/customs/service.go:52.53,53.25 1 0
example.com/acme/parcel/internal/tariff/customs/service.go:53.25,53.56 1 0
example.com/acme/parcel/internal/tariff/customs/service.go:57.59,58.25 1 0
example.com/acme/parcel/internal/tariff/customs/service.go:58.25,58.55 1 0
example.com/acme/parcel/internal/tariff/customs/service.go:63.34,66.27 2 0
example.com/acme/parcel/internal/tariff/customs/service.go:66.27,68.3 1 0
example.com/acme/parcel/internal/tariff/customs/service.go:70.2,70.10 1 0
example.com/acme/parcel/internal/tariff/customs/service.go:74.36,74.59 1 0
example.com/acme/parcel/internal/tariff/customs/service.go:83.106,86.27 2 0
example.com/acme/parcel/internal/tariff/customs/service.go:86.27,89.17 2 0
example.com/acme/parcel/internal/tariff/customs/service.go:89.17,91.4 1 0
example.com/acme/parcel/internal/tariff/customs/service.go:93.3,98.5 1 0
example.com/acme/parcel/internal/tariff/customs/service.go:101.2,101.19 1 0
example.com/acme/parcel/internal/tariff/customs/service.go:118.115,121.33 2 0
example.com/acme/parcel/internal/tariff/customs/service.go:121.33,125.17 3 0
example.com/acme/parcel/internal/tariff/customs/service.go:125.17,127.4 1 0
example.com/acme/parcel/internal/tariff/customs/service.go:129.3,129.9 1 0
example.com/acme/parcel/internal/tariff/customs/service.go:129.9,131.4 1 0
example.com/acme/parcel/internal/tariff/customs/service.go:134.2,135.45 1 0
example.com/acme/parcel/internal/tariff/customs/service.go:142.132,153.16 4 0
example.com/acme/parcel/internal/tariff/customs/service.go:153.16,155.3 1 0
example.com/acme/parcel/internal/tariff/customs/service.go:157.2,165.81 7 0
example.com/acme/parcel/internal/tariff/customs/service.go:165.81,167.20 2 0
example.com/acme/parcel/internal/tariff/customs/service.go:167.20,169.4 1 0
example.com/acme/parcel/internal/tariff/customs/service.go:171.3,172.19 2 0
example.com/acme/parcel/internal/tariff/customs/service.go:172.19,174.4 1 0
example.com/acme/parcel/internal/tariff/customs/service.go:176.3,176.16 1 0
example.com/acme/parcel/internal/tariff/customs/service.go:176.16,176.41 1 0
example.com/acme/parcel/internal/tariff/customs/service.go:178.3,178.39 1 0
example.com/acme/parcel/internal/tariff/customs/service.go:178.39,180.54 2 0
example.com/acme/parcel/internal/tariff/customs/service.go:180.54,182.5 1 0
example.com/acme/parcel/internal/tariff/customs/service.go:184.4,184.13 1 0
example.com/acme/parcel/internal/tariff/customs/service.go:187.3,187.52 1 0
example.com/acme/parcel/internal/tariff/customs/service.go:189.2,189.21 1 0
example.com/acme/parcel/internal/tariff/customs/service.go:189.21,191.3 1 0
example.com/acme/parcel/internal/tariff/customs/service.go:193.2,193.28 1 0
example.com/acme/parcel/internal/tariff/customs/service.go:193.28,196.3 1 0
example.com/acme/parcel/internal/tariff/customs/service.go:198.2,201.21 3 0
example.com/acme/parcel/internal/tariff/customs/service.go:201.21,203.3 1 0
example.com/acme/parcel/internal/tariff/customs/service.go:208.2,211.21 3 0
example.com/acme/parcel/internal/tariff/customs/service.go:211.21,214.3 1 0
example.com/acme/parcel/internal/tariff/customs/service.go:216.2,216.30 1 0
example.com/acme/parcel/internal/tariff/fx/service.go:41.41,42.25 1 0
example.com/acme/parcel/internal/tariff/fx/service.go:42.25,42.50 1 0
example.com/acme/parcel/internal/tariff/fx/service.go:46.53,47.25 1 0
example.com/acme/parcel/internal/tariff/fx/service.go:47.25,47.56 1 0
example.com/acme/parcel/internal/tariff/fx/service.go:51.59,52.25 1 0
example.com/acme/parcel/internal/tariff/fx/service.go:52.25,52.55 1 0
example.com/acme/parcel/internal/tariff/fx/service.go:57.34,60.27 2 0
example.com/acme/parcel/internal/tariff/fx/service.go:60.27,62.3 1 0
example.com/acme/parcel/internal/tariff/fx/service.go:64.2,64.10 1 0
example.com/acme/parcel/internal/tariff/fx/service.go:68.36,68.59 1 0
example.com/acme/parcel/internal/tariff/fx/service.go:74.100,75.22 1 0
example.com/acme/parcel/internal/tariff/fx/service.go:75.22,77.3 1 0
example.com/acme/parcel/internal/tariff/fx/service.go:81.2,84.27 3 0
example.com/acme/parcel/internal/tariff/fx/service.go:84.27,86.3 1 0
example.com/acme/parcel/internal/tariff/fx/service.go:88.2,100.81 4 0
example.com/acme/parcel/internal/tariff/fx/service.go:100.81,102.17 2 0
example.com/acme/parcel/internal/tariff/fx/service.go:102.17,104.4 1 0
example.com/acme/parcel/internal/tariff/fx/service.go:106.3,107.17 2 0
example.com/acme/parcel/internal/tariff/fx/service.go:107.17,109.4 1 0
example.com/acme/parcel/internal/tariff/fx/service.go:111.3,111.16 1 0
example.com/acme/parcel/internal/tariff/fx/service.go:111.16,111.41 1 0
example.com/acme/parcel/internal/tariff/fx/service.go:113.3,113.39 1 0
example.com/acme/parcel/internal/tariff/fx/service.go:113.39,115.54 2 0
example.com/acme/parcel/internal/tariff/fx/service.go:115.54,117.5 1 0
example.com/acme/parcel/internal/tariff/fx/service.go:119.4,119.13 1 0
example.com/acme/parcel/internal/tariff/fx/service.go:122.3,124.18 2 0
example.com/acme/parcel/internal/tariff/fx/service.go:126.2,126.21 1 0
example.com/acme/parcel/internal/tariff/fx/service.go:126.21,128.3 1 0
example.com/acme/parcel/internal/tariff/fx/service.go:130.2,133.27 3 0
example.com/acme/parcel/internal/tariff/fx/service.go:133.27,137.10 3 0
example.com/acme/parcel/internal/tariff/fx/service.go:137.10,139.4 1 0
example.com/acme/parcel/internal/tariff/fx/service.go:141.3,142.10 2 0
example.com/acme/parcel/internal/tariff/fx/service.go:142.10,144.4 1 0
example.com/acme/parcel/internal/tariff/fx/service.go:146.3,147.17 2 0
example.com/acme/parcel/internal/tariff/fx/service.go:147.17,149.4 1 0
example.com/acme/parcel/internal/tariff/fx/service.go:151.3,155.5 1 0
example.com/acme/parcel/internal/tariff/fx/service.go:158.2,158.20 1 0
example.com/acme/parcel/internal/tariff/postal/service.go:66.41,67.25 1 0
example.com/acme/parcel/internal/tariff/postal/service.go:67.25,67.50 1 0
example.com/acme/parcel/internal/tariff/postal/service.go:71.53,72.25 1 0
example.com/acme/parcel/internal/tariff/postal/service.go:72.25,72.56 1 0
example.com/acme/parcel/internal/tariff/postal/service.go:76.59,77.25 1 0
example.com/acme/parcel/internal/tariff/postal/service.go:77.25,77.55 1 0
example.com/acme/parcel/internal/tariff/postal/service.go:83.40,84.25 1 0
example.com/acme/parcel/internal/tariff/postal/service.go:84.25,84.44 1 0
example.com/acme/parcel/internal/tariff/postal/service.go:89.50,90.25 1 0
example.com/acme/parcel/internal/tariff/postal/service.go:90.25,90.50 1 0
example.com/acme/parcel/internal/tariff/postal/service.go:95.34,101.27 2 0
example.com/acme/parcel/internal/tariff/postal/service.go:101.27,103.3 1 0
example.com/acme/parcel/internal/tariff/postal/service.go:105.2,105.10 1 0
example.com/acme/parcel/internal/tariff/postal/service.go:109.36,109.59 1 0
example.com/acme/parcel/internal/tariff/postal/service.go:119.100,120.22 1 0
example.com/acme/parcel/internal/tariff/postal/service.go:120.22,122.3 1 0
example.com/acme/parcel/internal/tariff/postal/service.go:124.2,124.19 1 0
example.com/acme/parcel/internal/tariff/postal/service.go:124.19,126.3 1 0
example.com/acme/parcel/internal/tariff/postal/service.go:128.2,132.27 3 0
example.com/acme/parcel/internal/tariff/postal/service.go:132.27,134.30 1 0
example.com/acme/parcel/internal/tariff/postal/service.go:134.30,135.11 1 0
example.com/acme/parcel/internal/tariff/postal/service.go:136.22,137.59 1 0
example.com/acme/parcel/internal/tariff/postal/service.go:138.34,138.34 0 0
example.com/acme/parcel/internal/tariff/postal/service.go:142.3,143.17 2 0
example.com/acme/parcel/internal/tariff/postal/service.go:143.17,145.32 2 0
example.com/acme/parcel/internal/tariff/postal/service.go:145.32,149.5 1 0
example.com/acme/parcel/internal/tariff/postal/service.go:151.4,153.12 2 0
example.com/acme/parcel/internal/tariff/postal/service.go:156.3,156.29 1 0
example.com/acme/parcel/internal/tariff/postal/service.go:159.2,159.37 1 0
example.com/acme/parcel/internal/tariff/postal/service.go:163.88,168.81 3 0
example.com/acme/parcel/internal/tariff/postal/service.go:168.81,170.17 2 0
example.com/acme/parcel/internal/tariff/postal/service.go:170.17,172.4 1 0
example.com/acme/parcel/internal/tariff/postal/service.go:174.3,177.17 3 0
example.com/acme/parcel/internal/tariff/postal/service.go:177.17,179.4 1 0
example.com/acme/parcel/internal/tariff/postal/service.go:181.3,181.16 1 0
example.com/acme/parcel/internal/tariff/postal/service.go:181.16,181.41 1 0
example.com/acme/parcel/internal/tariff/postal/service.go:183.3,183.39 1 0
example.com/acme/parcel/internal/tariff/postal/service.go:183.39,185.54 2 0
example.com/acme/parcel/internal/tariff/postal/service.go:185.54,187.5 1 0
example.com/acme/parcel/internal/tariff/postal/service.go:189.4,189.13 1 0
example.com/acme/parcel/internal/tariff/postal/service.go:192.3,192.52 1 0
example.com/acme/parcel/internal/tariff/postal/service.go:194.2,194.21 1 0
example.com/acme/parcel/internal/tariff/postal/service.go:194.21,196.3 1 0
example.com/acme/parcel/internal/tariff/postal/service.go:202.2,202.36 1 0
example.com/acme/parcel/internal/tariff/postal/service.go:202.36,204.3 1 0
example.com/acme/parcel/internal/tariff/postal/service.go:208.2,208.42 1 0
example.com/acme/parcel/internal/tariff/postal/service.go:208.42,210.3 1 0
example.com/acme/parcel/internal/tariff/postal/service.go:212.2,213.16 2 0
example.com/acme/parcel/internal/tariff/postal/service.go:213.16,215.3 1 0
example.com/acme/parcel/internal/tariff/postal/service.go:219.2,219.28 1 0
example.com/acme/parcel/internal/tariff/postal/service.go:219.28,221.3 1 0
example.com/acme/parcel/internal/tariff/postal/service.go:227.2,228.16 2 0
example.com/acme/parcel/internal/tariff/postal/service.go:228.16,231.3 1 0
example.com/acme/parcel/internal/tariff/postal/service.go:233.2,237.8 1 0
example.com/acme/parcel/internal/tariff/postal/service.go:246.43,247.24 1 0
example.com/acme/parcel/internal/tariff/postal/service.go:247.24,249.3 1 0
example.com/acme/parcel/internal/tariff/postal/service.go:251.2,251.71 1 0
example.com/acme/parcel/internal/tariff/courier/service.go:58.41,59.25 1 0
example.com/acme/parcel/internal/tariff/courier/service.go:59.25,59.50 1 0
example.com/acme/parcel/internal/tariff/courier/service.go:63.53,64.25 1 0
example.com/acme/parcel/internal/tariff/courier/service.go:64.25,64.56 1 0
example.com/acme/parcel/internal/tariff/courier/service.go:68.59,69.25 1 0
example.com/acme/parcel/internal/tariff/courier/service.go:69.25,69.55 1 0
example.com/acme/parcel/internal/tariff/courier/service.go:74.50,75.25 1 0
example.com/acme/parcel/internal/tariff/courier/service.go:75.25,75.50 1 0
example.com/acme/parcel/internal/tariff/courier/service.go:80.34,86.27 2 0
example.com/acme/parcel/internal/tariff/courier/service.go:86.27,88.3 1 0
example.com/acme/parcel/internal/tariff/courier/service.go:90.2,90.10 1 0
[...]
example.com/acme/parcel/internal/tariff/model.go:30.2,30.29 1 0
example.com/acme/parcel/internal/tariff/model.go:36.29,37.44 1 0
example.com/acme/parcel/internal/tariff/model.go:37.44,39.3 1 0
example.com/acme/parcel/internal/tariff/model.go:41.2,41.12 1 0
example.com/acme/parcel/internal/tariff/model.go:46.56,48.16 2 0
example.com/acme/parcel/internal/tariff/model.go:48.16,50.3 1 0
example.com/acme/parcel/internal/tariff/model.go:52.2,53.16 2 0
example.com/acme/parcel/internal/tariff/model.go:53.16,55.3 1 0
example.com/acme/parcel/internal/tariff/model.go:57.2,57.21 1 0
example.com/acme/parcel/internal/tariff/query.go:44.36,49.66 3 0
example.com/acme/parcel/internal/tariff/query.go:49.66,51.3 1 0
example.com/acme/parcel/internal/tariff/query.go:53.2,53.36 1 0
example.com/acme/parcel/internal/tariff/query.go:53.36,56.3 1 0
example.com/acme/parcel/internal/tariff/query.go:59.2,60.16 2 0
example.com/acme/parcel/internal/tariff/query.go:60.16,62.3 1 0
example.com/acme/parcel/internal/tariff/query.go:64.2,65.59 2 0
example.com/acme/parcel/internal/tariff/query.go:65.59,67.3 1 0
example.com/acme/parcel/internal/tariff/query.go:69.2,69.32 1 0
example.com/acme/parcel/internal/tariff/customs/service.go:47.41,48.25 1 0
example.com/acme/parcel/internal/tariff/customs/service.go:48.25,48.50 1 0
example.com/acme/parcel/internal/tariff/customs/service.go:52.53,53.25 1 0
example.com/acme/parcel/internal/tariff/customs/service.go:53.25,53.56 1 0
example.com/acme/parcel/internal/tariff/customs/service.go:57.59,58.25 1 0
example.com/acme/parcel/internal/tariff/customs/service.go:58.25,58.55 1 0
example.com/acme/parcel/internal/tariff/customs/service.go:63.34,66.27 2 0
example.com/acme/parcel/internal/tariff/customs/service.go:66.27,68.3 1 0
example.com/acme/parcel/internal/tariff/customs/service.go:70.2,70.10 1 0
example.com/acme/parcel/internal/tariff/customs/service.go:74.36,74.59 1 0
example.com/acme/parcel/internal/tariff/customs/service.go:83.106,86.27 2 0
example.com/acme/parcel/internal/tariff/customs/service.go:86.27,89.17 2 0
example.com/acme/parcel/internal/tariff/customs/service.go:89.17,91.4 1 0
example.com/acme/parcel/internal/tariff/customs/service.go:93.3,98.5 1 0
example.com/acme/parcel/internal/tariff/customs/service.go:101.2,101.19 1 0
example.com/acme/parcel/internal/tariff/customs/service.go:118.115,121.33 2 0
example.com/acme/parcel/internal/tariff/customs/service.go:121.33,125.17 3 0
example.com/acme/parcel/internal/tariff/customs/service.go:125.17,127.4 1 0
example.com/acme/parcel/internal/tariff/customs/service.go:129.3,129.9 1 0
example.com/acme/parcel/internal/tariff/customs/service.go:129.9,131.4 1 0
example.com/acme/parcel/internal/tariff/customs/service.go:134.2,135.45 1 0
example.com/acme/parcel/internal/tariff/customs/service.go:142.132,153.16 4 0
example.com/acme/parcel/internal/tariff/customs/service.go:153.16,155.3 1 0
example.com/acme/parcel/internal/tariff/customs/service.go:157.2,165.81 7 0
example.com/acme/parcel/internal/tariff/customs/service.go:165.81,167.20 2 0
example.com/acme/parcel/internal/tariff/customs/service.go:167.20,169.4 1 0
example.com/acme/parcel/internal/tariff/customs/service.go:171.3,172.19 2 0
example.com/acme/parcel/internal/tariff/customs/service.go:172.19,174.4 1 0
example.com/acme/parcel/internal/tariff/customs/service.go:176.3,176.16 1 0
example.com/acme/parcel/internal/tariff/customs/service.go:176.16,176.41 1 0
example.com/acme/parcel/internal/tariff/customs/service.go:178.3,178.39 1 0
example.com/acme/parcel/internal/tariff/customs/service.go:178.39,180.54 2 0
example.com/acme/parcel/internal/tariff/customs/service.go:180.54,182.5 1 0
example.com/acme/parcel/internal/tariff/customs/service.go:184.4,184.13 1 0
example.com/acme/parcel/internal/tariff/customs/service.go:187.3,187.52 1 0
example.com/acme/parcel/internal/tariff/customs/service.go:189.2,189.21 1 0
example.com/acme/parcel/internal/tariff/customs/service.go:189.21,191.3 1 0
example.com/acme/parcel/internal/tariff/customs/service.go:193.2,193.28 1 0
example.com/acme/parcel/internal/tariff/customs/service.go:193.28,196.3 1 0
example.com/acme/parcel/internal/tariff/customs/service.go:198.2,201.21 3 0
example.com/acme/parcel/internal/tariff/customs/service.go:201.21,203.3 1 0
example.com/acme/parcel/internal/tariff/customs/service.go:208.2,211.21 3 0
example.com/acme/parcel/internal/tariff/customs/service.go:211.21,214.3 1 0
example.com/acme/parcel/internal/tariff/customs/service.go:216.2,216.30 1 0
example.com/acme/parcel/internal/tariff/fx/service.go:41.41,42.25 1 0
example.com/acme/parcel/internal/tariff/fx/service.go:42.25,42.50 1 0
example.com/acme/parcel/internal/tariff/fx/service.go:46.53,47.25 1 0
example.com/acme/parcel/internal/tariff/fx/service.go:47.25,47.56 1 0
example.com/acme/parcel/internal/tariff/fx/service.go:51.59,52.25 1 0
example.com/acme/parcel/internal/tariff/fx/service.go:52.25,52.55 1 0
example.com/acme/parcel/internal/tariff/fx/service.go:57.34,60.27 2 0
example.com/acme/parcel/internal/tariff/fx/service.go:60.27,62.3 1 0
example.com/acme/parcel/internal/tariff/fx/service.go:64.2,64.10 1 0
example.com/acme/parcel/internal/tariff/fx/service.go:68.36,68.59 1 0
example.com/acme/parcel/internal/tariff/fx/service.go:74.100,75.22 1 0
example.com/acme/parcel/internal/tariff/fx/service.go:75.22,77.3 1 0
example.com/acme/parcel/internal/tariff/fx/service.go:81.2,84.27 3 0
example.com/acme/parcel/internal/tariff/fx/service.go:84.27,86.3 1 0
example.com/acme/parcel/internal/tariff/fx/service.go:88.2,100.81 4 0
example.com/acme/parcel/internal/tariff/fx/service.go:100.81,102.17 2 0
example.com/acme/parcel/internal/tariff/fx/service.go:102.17,104.4 1 0
example.com/acme/parcel/internal/tariff/fx/service.go:106.3,107.17 2 0
example.com/acme/parcel/internal/tariff/fx/service.go:107.17,109.4 1 0
example.com/acme/parcel/internal/tariff/fx/service.go:111.3,111.16 1 0
example.com/acme/parcel/internal/tariff/fx/service.go:111.16,111.41 1 0
example.com/acme/parcel/internal/tariff/fx/service.go:113.3,113.39 1 0
example.com/acme/parcel/internal/tariff/fx/service.go:113.39,115.54 2 0
example.com/acme/parcel/internal/tariff/fx/service.go:115.54,117.5 1 0
example.com/acme/parcel/internal/tariff/fx/service.go:119.4,119.13 1 0
example.com/acme/parcel/internal/tariff/fx/service.go:122.3,124.18 2 0
example.com/acme/parcel/internal/tariff/fx/service.go:126.2,126.21 1 0
example.com/acme/parcel/internal/tariff/fx/service.go:126.21,128.3 1 0
example.com/acme/parcel/internal/tariff/fx/service.go:130.2,133.27 3 0
example.com/acme/parcel/internal/tariff/fx/service.go:133.27,137.10 3 0
example.com/acme/parcel/internal/tariff/fx/service.go:137.10,139.4 1 0
example.com/acme/parcel/internal/tariff/fx/service.go:141.3,142.10 2 0
example.com/acme/parcel/internal/tariff/fx/service.go:142.10,144.4 1 0
example.com/acme/parcel/internal/tariff/fx/service.go:146.3,147.17 2 0
example.com/acme/parcel/internal/tariff/fx/service.go:147.17,149.4 1 0
example.com/acme/parcel/internal/tariff/fx/service.go:151.3,155.5 1 0
example.com/acme/parcel/internal/tariff/fx/service.go:158.2,158.20 1 0
example.com/acme/parcel/internal/tariff/postal/service.go:66.41,67.25 1 0
example.com/acme/parcel/internal/tariff/postal/service.go:67.25,67.50 1 0
example.com/acme/parcel/internal/tariff/postal/service.go:71.53,72.25 1 0
example.com/acme/parcel/internal/tariff/postal/service.go:72.25,72.56 1 0
example.com/acme/parcel/internal/tariff/postal/service.go:76.59,77.25 1 0
example.com/acme/parcel/internal/tariff/postal/service.go:77.25,77.55 1 0
example.com/acme/parcel/internal/tariff/postal/service.go:83.40,84.25 1 0
example.com/acme/parcel/internal/tariff/postal/service.go:84.25,84.44 1 0
example.com/acme/parcel/internal/tariff/postal/service.go:89.50,90.25 1 0
example.com/acme/parcel/internal/tariff/postal/service.go:90.25,90.50 1 0
example.com/acme/parcel/internal/tariff/postal/service.go:95.34,101.27 2 0
example.com/acme/parcel/internal/tariff/postal/service.go:101.27,103.3 1 0
example.com/acme/parcel/internal/tariff/postal/service.go:105.2,105.10 1 0
example.com/acme/parcel/internal/tariff/postal/service.go:109.36,109.59 1 0
example.com/acme/parcel/internal/tariff/postal/service.go:119.100,120.22 1 0
example.com/acme/parcel/internal/tariff/postal/service.go:120.22,122.3 1 0
example.com/acme/parcel/internal/tariff/postal/service.go:124.2,124.19 1 0
example.com/acme/parcel/internal/tariff/postal/service.go:124.19,126.3 1 0
example.com/acme/parcel/internal/tariff/postal/service.go:128.2,132.27 3 0
example.com/acme/parcel/internal/tariff/postal/service.go:132.27,134.30 1 0
example.com/acme/parcel/internal/tariff/postal/service.go:134.30,135.11 1 0
example.com/acme/parcel/internal/tariff/postal/service.go:136.22,137.59 1 0
example.com/acme/parcel/internal/tariff/postal/service.go:138.34,138.34 0 0
example.com/acme/parcel/internal/tariff/postal/service.go:142.3,143.17 2 0
example.com/acme/parcel/internal/tariff/postal/service.go:143.17,145.32 2 0
example.com/acme/parcel/internal/tariff/postal/service.go:145.32,149.5 1 0
example.com/acme/parcel/internal/tariff/postal/service.go:151.4,153.12 2 0
example.com/acme/parcel/internal/tariff/postal/service.go:156.3,156.29 1 0
example.com/acme/parcel/internal/tariff/postal/service.go:159.2,159.37 1 0
example.com/acme/parcel/internal/tariff/postal/service.go:163.88,168.81 3 0
example.com/acme/parcel/internal/tariff/postal/service.go:168.81,170.17 2 0
example.com/acme/parcel/internal/tariff/postal/service.go:170.17,172.4 1 0
example.com/acme/parcel/internal/tariff/postal/service.go:174.3,177.17 3 0
example.com/acme/parcel/internal/tariff/postal/service.go:177.17,179.4 1 0
example.com/acme/parcel/internal/tariff/postal/service.go:181.3,181.16 1 0
example.com/acme/parcel/internal/tariff/postal/service.go:181.16,181.41 1 0
example.com/acme/parcel/internal/tariff/postal/service.go:183.3,183.39 1 0
example.com/acme/parcel/internal/tariff/postal/service.go:183.39,185.54 2 0
example.com/acme/parcel/internal/tariff/postal/service.go:185.54,187.5 1 0
example.com/acme/parcel/internal/tariff/postal/service.go:189.4,189.13 1 0
example.com/acme/parcel/internal/tariff/postal/service.go:192.3,192.52 1 0
example.com/acme/parcel/internal/tariff/postal/service.go:194.2,194.21 1 0
example.com/acme/parcel/internal/tariff/postal/service.go:194.21,196.3 1 0
example.com/acme/parcel/internal/tariff/postal/service.go:202.2,202.36 1 0
example.com/acme/parcel/internal/tariff/postal/service.go:202.36,204.3 1 0
example.com/acme/parcel/internal/tariff/postal/service.go:208.2,208.42 1 0
example.com/acme/parcel/internal/tariff/postal/service.go:208.42,210.3 1 0
example.com/acme/parcel/internal/tariff/postal/service.go:212.2,213.16 2 0
example.com/acme/parcel/internal/tariff/postal/service.go:213.16,215.3 1 0
example.com/acme/parcel/internal/tariff/postal/service.go:219.2,219.28 1 0
example.com/acme/parcel/internal/tariff/postal/service.go:219.28,221.3 1 0
example.com/acme/parcel/internal/tariff/postal/service.go:227.2,228.16 2 0
example.com/acme/parcel/internal/tariff/postal/service.go:228.16,231.3 1 0
example.com/acme/parcel/internal/tariff/postal/service.go:233.2,237.8 1 0
example.com/acme/parcel/internal/tariff/postal/service.go:246.43,247.24 1 0
example.com/acme/parcel/internal/tariff/postal/service.go:247.24,249.3 1 0
example.com/acme/parcel/internal/tariff/postal/service.go:251.2,251.71 1 0
example.com/acme/parcel/internal/tariff/courier/service.go:58.41,59.25 1 0
example.com/acme/parcel/internal/tariff/courier/service.go:59.25,59.50 1 0
example.com/acme/parcel/internal/tariff/courier/service.go:63.53,64.25 1 0
example.com/acme/parcel/internal/tariff/courier/service.go:64.25,64.56 1 0
example.com/acme/parcel/internal/tariff/courier/service.go:68.59,69.25 1 0
example.com/acme/parcel/internal/tariff/courier/service.go:69.25,69.55 1 0
example.com/acme/parcel/internal/tariff/courier/service.go:74.50,75.25 1 0
example.com/acme/parcel/internal/tariff/courier/service.go:75.25,75.50 1 0
example.com/acme/parcel/internal/tariff/courier/service.go:80.34,86.27 2 0
example.com/acme/parcel/internal/tariff/courier/service.go:86.27,88.3 1 0
example.com/acme/parcel/internal/tariff/courier/service.go:90.2,90.10 1 0
example.com/acme/parcel/internal/tariff/courier/service.go:94.36,94.59 1 0
example.com/acme/parcel/internal/tariff/courier/service.go:103.100,104.22 1 0
example.com/acme/parcel/internal/tariff/courier/service.go:104.22,106.3 1 0
example.com/acme/parcel/internal/tariff/courier/service.go:108.2,112.27 3 0
example.com/acme/parcel/internal/tariff/courier/service.go:112.27,114.30 1 0
example.com/acme/parcel/internal/tariff/courier/service.go:114.30,115.11 1 0
example.com/acme/parcel/internal/tariff/courier/service.go:116.22,117.59 1 0
example.com/acme/parcel/internal/tariff/courier/service.go:118.34,118.34 0 0
example.com/acme/parcel/internal/tariff/courier/service.go:122.3,123.17 2 0
example.com/acme/parcel/internal/tariff/courier/service.go:123.17,125.12 2 0
example.com/acme/parcel/internal/tariff/courier/service.go:128.3,128.29 1 0
example.com/acme/parcel/internal/tariff/courier/service.go:131.2,131.37 1 0
example.com/acme/parcel/internal/tariff/courier/service.go:135.88,144.81 3 0
example.com/acme/parcel/internal/tariff/courier/service.go:144.81,146.17 2 0
example.com/acme/parcel/internal/tariff/courier/service.go:146.17,148.4 1 0
example.com/acme/parcel/internal/tariff/courier/service.go:150.3,153.17 3 0
example.com/acme/parcel/internal/tariff/courier/service.go:153.17,155.4 1 0
example.com/acme/parcel/internal/tariff/courier/service.go:157.3,157.16 1 0
example.com/acme/parcel/internal/tariff/courier/service.go:157.16,157.41 1 0
example.com/acme/parcel/internal/tariff/courier/service.go:159.3,159.39 1 0
example.com/acme/parcel/internal/tariff/courier/service.go:159.39,161.54 2 0
example.com/acme/parcel/internal/tariff/courier/service.go:161.54,163.5 1 0
example.com/acme/parcel/internal/tariff/courier/service.go:165.4,165.13 1 0
example.com/acme/parcel/internal/tariff/courier/service.go:168.3,168.52 1 0
example.com/acme/parcel/internal/tariff/courier/service.go:170.2,170.21 1 0
example.com/acme/parcel/internal/tariff/courier/service.go:170.21,172.3 1 0
example.com/acme/parcel/internal/tariff/courier/service.go:174.2,174.32 1 0
example.com/acme/parcel/internal/tariff/courier/service.go:178.76,179.30 1 0
example.com/acme/parcel/internal/tariff/courier/service.go:179.30,181.3 1 0
example.com/acme/parcel/internal/tariff/courier/service.go:183.2,187.46 2 0
example.com/acme/parcel/internal/tariff/courier/service.go:187.46,192.3 1 0
example.com/acme/parcel/internal/tariff/courier/service.go:194.2,194.42 1 0
example.com/acme/parcel/internal/tariff/courier/service.go:194.42,196.3 1 0
example.com/acme/parcel/internal/tariff/courier/service.go:198.2,201.25 3 0
example.com/acme/parcel/internal/tariff/courier/service.go:201.25,203.3 1 0
example.com/acme/parcel/internal/tariff/courier/service.go:205.2,205.39 1 0
example.com/acme/parcel/internal/tariff/courier/service.go:205.39,210.3 1 0
example.com/acme/parcel/internal/tariff/courier/service.go:213.2,215.47 2 0
example.com/acme/parcel/internal/tariff/courier/service.go:215.47,216.15 1 0
example.com/acme/parcel/internal/tariff/courier/service.go:216.15,218.9 2 0
example.com/acme/parcel/internal/tariff/courier/service.go:222.2,222.17 1 0
example.com/acme/parcel/internal/tariff/courier/service.go:222.17,224.3 1 0
example.com/acme/parcel/internal/tariff/courier/service.go:226.2,227.16 2 0
example.com/acme/parcel/internal/tariff/courier/service.go:227.16,229.3 1 0
example.com/acme/parcel/internal/tariff/courier/service.go:231.2,237.8 2 0
example.com/acme/parcel/internal/basket/service.go:29.69,30.46 1 0
example.com/acme/parcel/internal/basket/service.go:30.46,31.72 1 0
example.com/acme/parcel/internal/basket/service.go:31.72,33.18 2 0
example.com/acme/parcel/internal/basket/service.go:33.18,36.5 2 0
example.com/acme/parcel/internal/basket/service.go:38.4,39.18 2 0
example.com/acme/parcel/internal/basket/service.go:39.18,42.5 2 0
example.com/acme/parcel/internal/basket/service.go:44.4,45.41 2 0
example.com/acme/parcel/internal/basket/service.go:51.63,54.2 2 0
example.com/acme/parcel/internal/basket/service.go:56.42,60.2 3 0
example.com/acme/parcel/internal/basket/service.go:71.69,80.2 1 0
example.com/acme/parcel/internal/basket/service.go:83.54,94.2 1 0
example.com/acme/parcel/internal/basket/store.go:41.38,43.42 2 0
example.com/acme/parcel/internal/basket/store.go:43.42,45.3 1 0
example.com/acme/parcel/internal/basket/store.go:47.2,47.55 1 0
example.com/acme/parcel/internal/basket/store.go:53.35,56.2 2 0
example.com/acme/parcel/internal/basket/store.go:67.55,69.2 1 0
example.com/acme/parcel/internal/basket/store.go:73.79,75.16 2 0
example.com/acme/parcel/internal/basket/store.go:75.16,77.3 1 0
example.com/acme/parcel/internal/basket/store.go:79.2,84.16 2 0
example.com/acme/parcel/internal/basket/store.go:84.16,86.3 1 0
example.com/acme/parcel/internal/basket/store.go:88.2,88.17 1 0
example.com/acme/parcel/internal/basket/store.go:94.82,98.16 3 0
example.com/acme/parcel/internal/basket/store.go:98.16,99.36 1 0
example.com/acme/parcel/internal/basket/store.go:99.36,101.4 1 0
example.com/acme/parcel/internal/basket/store.go:103.3,103.59 1 0
example.com/acme/parcel/internal/basket/store.go:106.2,106.43 1 0
example.com/acme/parcel/internal/basket/store.go:106.43,108.3 1 0
example.com/acme/parcel/internal/basket/store.go:110.2,114.17 2 0
example.com/acme/parcel/internal/basket/store.go:114.17,116.3 1 0
example.com/acme/parcel/internal/basket/store.go:118.2,118.24 1 0
example.com/acme/parcel/internal/basket/store.go:123.68,124.68 1 0
example.com/acme/parcel/internal/basket/store.go:124.68,126.3 1 0
example.com/acme/parcel/internal/basket/store.go:128.2,128.12 1 0
example.com/acme/parcel/internal/basket/store.go:131.52,133.2 1 0
example.com/acme/parcel/internal/testutil/fakeauth/service.go:34.32,38.16 3 0
example.com/acme/parcel/internal/testutil/fakeauth/service.go:38.16,40.3 1 0
example.com/acme/parcel/internal/testutil/fakeauth/service.go:42.2,52.12 8 0
example.com/acme/parcel/internal/testutil/fakeauth/service.go:55.74,64.2 2 0
example.com/acme/parcel/internal/testutil/fakeauth/service.go:66.69,77.2 4 0
example.com/acme/parcel/internal/testutil/fakeauth/service.go:92.71,96.28 3 0
example.com/acme/parcel/internal/testutil/fakeauth/service.go:96.28,98.3 1 0
example.com/acme/parcel/internal/testutil/fakeauth/service.go:100.2,100.26 1 0
example.com/acme/parcel/internal/testutil/fakeauth/service.go:100.26,102.3 1 0
example.com/acme/parcel/internal/testutil/fakeauth/service.go:104.2,105.18 2 0
example.com/acme/parcel/internal/testutil/fakeauth/service.go:105.18,107.3 1 0
example.com/acme/parcel/internal/testutil/fakeauth/service.go:109.2,116.22 2 0
example.com/acme/parcel/internal/testutil/fakeauth/service.go:116.22,118.3 1 0
example.com/acme/parcel/internal/testutil/fakeauth/service.go:120.2,120.22 1 0
example.com/acme/parcel/internal/testutil/fakeauth/service.go:120.22,122.3 1 0
example.com/acme/parcel/internal/testutil/fakeauth/service.go:124.2,133.16 2 0
example.com/acme/parcel/internal/testutil/fakeauth/service.go:133.16,135.3 1 0
example.com/acme/parcel/internal/testutil/fakeauth/service.go:137.2,140.16 3 0
example.com/acme/parcel/internal/testutil/fakeauth/service.go:140.16,142.3 1 0
example.com/acme/parcel/internal/testutil/fakeauth/service.go:144.2,144.14 1 0
example.com/acme/parcel/internal/testutil/dbharness/service.go:28.42,45.19 5 8
example.com/acme/parcel/internal/testutil/dbharness/service.go:45.19,47.3 1 8
example.com/acme/parcel/internal/testutil/dbharness/service.go:49.2,58.13 7 8
example.com/acme/parcel/internal/testutil/dbharness/service.go:61.44,67.15 4 8
example.com/acme/parcel/internal/testutil/dbharness/service.go:67.15,67.33 1 8
example.com/acme/parcel/internal/testutil/dbharness/service.go:69.2,71.51 3 8
example.com/acme/parcel/internal/testutil/dbharness/service.go:76.29,79.2 2 8
